This is pdfTeX, Version 3.141592653-2.6-1.40.25 (MiKTeX 23.5) (preloaded format=latex 2023.10.11)  18 NOV 2023 10:42
entering extended mode
 restricted \write18 enabled.
 %&-line parsing enabled.
**\makeatletter\def\HCode{\futurelet\HCode\HChar}\def\HChar{\ifx\HCode\def\HCod
e##1{\Link##1}\expandafter\HCode\else\expandafter\Link\fi}\def\Link#1.a.b.c.{\A
ddToHook{class/before}{\RequirePackage[#1,html]{tex4ht}}\let\HCode\documentstyl
e\def\documentstyle{\let\documentstyle\HCode\expandafter\def\csname tex4ht\endc
sname{#1,html}\def\HCode####1{\documentstyle[tex4ht,}\@ifnextchar[{\HCode}{\doc
umentstyle[tex4ht]}}}\makeatother\HCode xhtml,mathml,charset=utf-8,html5.a.b.c.
\input \detokenize{Assignment2Solutions.tex} > nul 2>&1
(Assignment2Solutions.tex (C:\Users\richa\AppData\Local\Programs\MiKTeX\tex/gen
eric/tex4ht\tex4ht.sty
version 2021-09-14-14:11
Package: tex4ht 
--------------------------------------
--- Note --- for _ at preamble, use the command line option `early_'
--------------------------------------
--------------------------------------
--- Note --- for ^ at preamble, use the command line option `early^'
--------------------------------------
\tmp:toks=\toks17
) (C:\Users\richa\AppData\Local\Programs\MiKTeX\tex/latex/base\article.cls
Document Class: article 2023/05/17 v1.4n Standard LaTeX document class
(C:\Users\richa\AppData\Local\Programs\MiKTeX\tex/latex/base\size11.clo
File: size11.clo 2023/05/17 v1.4n Standard LaTeX file (size option)
)
\c@part=\count185
\c@section=\count186
\c@subsection=\count187
\c@subsubsection=\count188
\c@paragraph=\count189
\c@subparagraph=\count190
\c@figure=\count191
\c@table=\count192
\abovecaptionskip=\skip48
\belowcaptionskip=\skip49
\bibindent=\dimen140
)
(C:\Users\richa\AppData\Local\Programs\MiKTeX\tex/generic/tex4ht\usepackage.4ht
version 2022-02-19-13:30
) (C:\Users\richa\AppData\Local\Programs\MiKTeX\tex/latex/amsfonts\amssymb.sty
Package: amssymb 2013/01/14 v3.01 AMS font symbols
(C:\Users\richa\AppData\Local\Programs\MiKTeX\tex/latex/amsfonts\amsfonts.sty
Package: amsfonts 2013/01/14 v3.01 Basic AMSFonts support
\@emptytoks=\toks18
\symAMSa=\mathgroup4
\symAMSb=\mathgroup5
LaTeX Font Info:    Redeclaring math symbol \hbar on input line 98.
LaTeX Font Info:    Overwriting math alphabet `\mathfrak' in version `bold'
(Font)                  U/euf/m/n --> U/euf/b/n on input line 106.
)) (C:\Users\richa\AppData\Local\Programs\MiKTeX\tex/generic/german\german.sty 
v2.5e 1998-07-08
Package: german 1998/07/08 v2.5e Support for writing german texts (br)
\grmnU@D=\dimen141
german -- \language number for Austrian undefined, default 26 used.
) (C:\Users\richa\AppData\Local\Programs\MiKTeX\tex/latex/tools\rawfonts.sty
Package: rawfonts 1994/05/08 Low-level LaTeX 2.09 font compatibility
(C:\Users\richa\AppData\Local\Programs\MiKTeX\tex/latex/tools\somedefs.sty
Package: somedefs 1994/06/01 v0.03 Toolkit for optional definitions
)
LaTeX Font Info:    Trying to load font information for U+lasy on input line 49
.
(C:\Users\richa\AppData\Local\Programs\MiKTeX\tex/latex/base\ulasy.fd
File: ulasy.fd 1998/08/17 v2.2e LaTeX symbol font definitions
)) (C:\Users\richa\AppData\Local\Programs\MiKTeX\tex/latex/graphics\epsfig.sty
Package: epsfig 2017/06/25 v1.7b (e)psfig emulation (SPQR)
(C:\Users\richa\AppData\Local\Programs\MiKTeX\tex/latex/graphics\graphicx.sty
Package: graphicx 2021/09/16 v1.2d Enhanced LaTeX Graphics (DPC,SPQR)
(C:\Users\richa\AppData\Local\Programs\MiKTeX\tex/latex/graphics\keyval.sty
Package: keyval 2022/05/29 v1.15 key=value parser (DPC)
\KV@toks@=\toks19
)
(C:\Users\richa\AppData\Local\Programs\MiKTeX\tex/generic/tex4ht\graphics-hooks
.4ht
version 2020-10-17-13:53
) (C:\Users\richa\AppData\Local\Programs\MiKTeX\tex/latex/graphics\graphics.sty
Package: graphics 2022/03/10 v1.4e Standard LaTeX Graphics (DPC,SPQR)
(C:\Users\richa\AppData\Local\Programs\MiKTeX\tex/latex/graphics\trig.sty
Package: trig 2021/08/11 v1.11 sin cos tan (DPC)
)
(C:\Users\richa\AppData\Local\Programs\MiKTeX\tex/latex/graphics-cfg\graphics.c
fg
File: graphics.cfg 2016/06/04 v1.11 sample graphics configuration
)
Package graphics Info: Driver file: dvips.def on input line 107.
(C:\Users\richa\AppData\Local\Programs\MiKTeX\tex/latex/graphics-def\dvips.def
File: dvips.def 2022/09/22 v3.1e Graphics/color driver for dvips
))
\Gin@req@height=\dimen142
\Gin@req@width=\dimen143
)
\epsfxsize=\dimen144
\epsfysize=\dimen145
)
(C:\Users\richa\AppData\Local\Programs\MiKTeX\tex/generic/tex4ht\xcolor-hooks.4
ht
version 2020-10-17-13:53
) (C:\Users\richa\AppData\Local\Programs\MiKTeX\tex/latex/xcolor\xcolor.sty
Package: xcolor 2022/06/12 v2.14 LaTeX color extensions (UK)
(C:\Users\richa\AppData\Local\Programs\MiKTeX\tex/latex/graphics-cfg\color.cfg
File: color.cfg 2016/01/02 v1.6 sample color configuration
)
Package xcolor Info: Driver file: dvips.def on input line 227.
(C:\Users\richa\AppData\Local\Programs\MiKTeX\tex/latex/graphics\mathcolor.ltx)
Package xcolor Info: Model `cmy' substituted by `cmy0' on input line 1353.
Package xcolor Info: Model `RGB' extended on input line 1369.
Package xcolor Info: Model `HTML' substituted by `rgb' on input line 1371.
Package xcolor Info: Model `Hsb' substituted by `hsb' on input line 1372.
Package xcolor Info: Model `tHsb' substituted by `hsb' on input line 1373.
Package xcolor Info: Model `HSB' substituted by `hsb' on input line 1374.
Package xcolor Info: Model `Gray' substituted by `gray' on input line 1375.
Package xcolor Info: Model `wave' substituted by `hsb' on input line 1376.
) (C:\Users\richa\AppData\Local\Programs\MiKTeX\tex/generic/tex4ht\tex4ht.4ht
version 2021-06-20-15:33
--------------------------------------
--- Note --- for additional information, use the command line option `info'
--------------------------------------
::::::::::::::::::::::::::::::::::::::::::
 TeX4ht info is available in the log file 
::::::::::::::::::::::::::::::::::::::::::
) (C:\Users\richa\AppData\Local\Programs\MiKTeX\tex/generic/tex4ht\tex4ht.sty
version 2021-09-14-14:11
l.855 --- TeX4ht warning --- nonprimitive \everypar ---
--- needs --- tex4ht Assignment2Solutions ---
\tmp:cnt=\count193
\openout15 = `Assignment2Solutions.tmp'.

(Assignment2Solutions.tmp)
\tmp:dim=\skip50
(Assignment2Solutions.xref)
\:refout=\write3
\openout3 = `Assignment2Solutions.xref'.

(C:\Users\richa\AppData\Local\Programs\MiKTeX\tex/generic/tex4ht\html4.4ht
version 2022-03-08-13:51
--------------------------------------
--- Note --- to remove the <?xml version=...?> processing instruction use the c
ommand line option `no-VERSION'
--------------------------------------
--------------------------------------
--- Note --- to remove the DOCTYPE declaration use the command line option `no-
DOCTYPE'
--------------------------------------
) (C:\Users\richa\AppData\Local\Programs\MiKTeX\tex/generic/tex4ht\unicode.4ht
version 2021-06-19-14:11
) (C:\Users\richa\AppData\Local\Programs\MiKTeX\tex/generic/tex4ht\mathml.4ht
version 2021-11-30-15:01
) (C:\Users\richa\AppData\Local\Programs\MiKTeX\tex/generic/tex4ht\html-mml.4ht
version 2021-04-17-18:22
) (C:\Users\richa\AppData\Local\Programs\MiKTeX\tex/generic/tex4ht\html5.4ht
version 2022-01-23-07:51
)
--------------------------------------
--- Note --- for marking of the base font, use the command line option `fonts+'

--------------------------------------
--------------------------------------
--- Note --- for non active _, use the command line option `no_'
--------------------------------------
--------------------------------------
--- Note --- for _ of catcode 13, use the command line option `_13'
--------------------------------------
--------------------------------------
--- Note --- for non active ^, use the command line option `no^'
--------------------------------------
--------------------------------------
--- Note --- for ^ of catcode 13, use the command line option `^13'
--------------------------------------
(C:\Users\richa\AppData\Local\Programs\MiKTeX\tex/generic/tex4ht\html4.4ht
version 2022-03-08-13:51
--------------------------------------
--- Note --- to ignore CSS font decoration, use the `NoFonts' command line opti
on
--------------------------------------
--------------------------------------
--- Note --- for jpg bitmaps of pictures, use the `jpg' command line option. (C
haracter bitmaps are controled only by `g' records of tex4ht.env and `-g' switc
hes of tex4ht.c) 
--------------------------------------
--------------------------------------
--- Note --- for gif bitmaps of pictures, use the `gif' command line option. (C
haracter bitmaps are controled only by `g' records of tex4ht.env and `-g' switc
hes of tex4ht.c) 
--------------------------------------
--------------------------------------
--- Note --- for content and toc in 2 frames, use the command line option `fram
es'
--------------------------------------
--------------------------------------
--- Note --- for content, toc, and footnotes in 3 frames, use the command line 
option `frames-fn'
--------------------------------------
--------------------------------------
--- Note --- for file extension name xht, use the command line option `xht'
--------------------------------------
TeX4ht package options: xhtml,mathml,charset=utf-8,html5,html
--------------------------------------
--- Note --- To print a timestamp, use the command line option timestamp
--------------------------------------
--------------------------------------
--- Note --- to ignore CSS code, use the command line option `-css
--------------------------------------
--------------------------------------
--- Note --- for inline CSS code, use the command line option `css-in'
--------------------------------------
--------------------------------------
--- Note --- for pop ups on mouse over, use the command line option `mouseover'

--------------------------------------
--------------------------------------
--- Note --- for addressing images in a subdirectory, use the command line opti
on `imgdir:.../'
--------------------------------------
) (C:\Users\richa\AppData\Local\Programs\MiKTeX\tex/generic/tex4ht\unicode.4ht
version 2021-06-19-14:11
) (C:\Users\richa\AppData\Local\Programs\MiKTeX\tex/generic/tex4ht\mathml.4ht
version 2021-11-30-15:01
) (C:\Users\richa\AppData\Local\Programs\MiKTeX\tex/generic/tex4ht\html-mml.4ht
version 2021-04-17-18:22
) (C:\Users\richa\AppData\Local\Programs\MiKTeX\tex/generic/tex4ht\html5.4ht
version 2022-01-23-07:51
--------------------------------------
--- Note --- To print a timestamp, use the command line option timestamp
--------------------------------------
)
\:tokwrite=\toks20
\:tokpage=\toks21
--------------------------------------
--- Note --- for back links to toc, use the command line option `sections+'
--------------------------------------
--------------------------------------
--- Note --- for linear crosslinks of pages, use the command line option `next'

--------------------------------------
\openout15 = `Assignment2Solutions.4ct'.

\:tocout=\write4
\openout4 = `Assignment2Solutions.4tc'.

(C:\Users\richa\AppData\Local\Programs\MiKTeX\tex/generic/tex4ht\html4.4ht
version 2022-03-08-13:51
) (C:\Users\richa\AppData\Local\Programs\MiKTeX\tex/generic/tex4ht\unicode.4ht
version 2021-06-19-14:11
) (C:\Users\richa\AppData\Local\Programs\MiKTeX\tex/generic/tex4ht\mathml.4ht
version 2021-11-30-15:01
) (C:\Users\richa\AppData\Local\Programs\MiKTeX\tex/generic/tex4ht\html-mml.4ht
version 2021-04-17-18:22
) (C:\Users\richa\AppData\Local\Programs\MiKTeX\tex/generic/tex4ht\html5.4ht
version 2022-01-23-07:51
) (C:\Users\richa\AppData\Local\Programs\MiKTeX\tex/generic/tex4ht\latex.4ht
version 2022-02-01-14:27
LaTeX Info: Redefining \_ on input line 173.
LaTeX Info: Redefining \, on input line 792.
LaTeX Info: Redefining \; on input line 793.
LaTeX Info: Redefining \! on input line 794.
LaTeX Info: Redefining \: on input line 795.
LaTeX Info: Redefining \> on input line 796.
--------------------------------------
--- Note --- for links into captions, instead of float heads, use the command l
ine option `refcaption'
--------------------------------------
(C:\Users\richa\AppData\Local\Programs\MiKTeX\tex/generic/tex4ht\html4.4ht
version 2022-03-08-13:51
) (C:\Users\richa\AppData\Local\Programs\MiKTeX\tex/generic/tex4ht\unicode.4ht
version 2021-06-19-14:11
) (C:\Users\richa\AppData\Local\Programs\MiKTeX\tex/generic/tex4ht\mathml.4ht
version 2021-11-30-15:01
) (C:\Users\richa\AppData\Local\Programs\MiKTeX\tex/generic/tex4ht\html-mml.4ht
version 2021-04-17-18:22
) (C:\Users\richa\AppData\Local\Programs\MiKTeX\tex/generic/tex4ht\html5.4ht
version 2022-01-23-07:51
) (C:\Users\richa\AppData\Local\Programs\MiKTeX\tex/generic/tex4ht\html4.4ht
version 2022-03-08-13:51
--------------------------------------
--- Note --- For mini tocs immediately aftter the header use the command line o
ption `minitoc<'
--------------------------------------
--------------------------------------
--- Note --- for enumerated list elements with valued data, use the command lin
e option `enumerate+'
--------------------------------------
--------------------------------------
--- Note --- for enumerated list elements li's with value attributes, use the c
ommand line option `enumerate-'
--------------------------------------
--------------------------------------
--- Note --- for CSS2 code, use the command line option `css2'
--------------------------------------
--------------------------------------
--- Note --- for pictorial tabular, use the command line option `pic-tabular'
--------------------------------------
--------------------------------------
--- Note --- for bitmap fbox'es, use the command line option `pic-fbox'
--------------------------------------
--------------------------------------
--- Note --- for bitmap framebox'es, use the command line option `pic-framebox'

--------------------------------------
--------------------------------------
--- Note --- for inline footnotes use command line option `fn-in'
--------------------------------------
--------------------------------------
--- Note --- for tracing of latex font commands, use the command line option `f
onts'
--------------------------------------
--------------------------------------
--- Note --- for width specifications of tabular p entries, use the `p-width' c
ommand line option or a configuration similar to \Configure{HColWidth}{\HCode{ 
style="width:\HColWidth"}}
--------------------------------------
) (C:\Users\richa\AppData\Local\Programs\MiKTeX\tex/generic/tex4ht\unicode.4ht
version 2021-06-19-14:11
) (C:\Users\richa\AppData\Local\Programs\MiKTeX\tex/generic/tex4ht\mathml.4ht
version 2021-11-30-15:01
) (C:\Users\richa\AppData\Local\Programs\MiKTeX\tex/generic/tex4ht\html-mml.4ht
version 2021-04-17-18:22
) (C:\Users\richa\AppData\Local\Programs\MiKTeX\tex/generic/tex4ht\html5.4ht
version 2022-01-23-07:51
)) (C:\Users\richa\AppData\Local\Programs\MiKTeX\tex/generic/tex4ht\fontmath.4h
t
version 2018-11-06-15:55
(C:\Users\richa\AppData\Local\Programs\MiKTeX\tex/generic/tex4ht\html4.4ht
version 2022-03-08-13:51
) (C:\Users\richa\AppData\Local\Programs\MiKTeX\tex/generic/tex4ht\unicode.4ht
version 2021-06-19-14:11
) (C:\Users\richa\AppData\Local\Programs\MiKTeX\tex/generic/tex4ht\mathml.4ht
version 2021-11-30-15:01
\tmp:bx=\box51
[1

]
LaTeX Font Info:    Trying to load font information for U+msa on input line 141
1.
(C:\Users\richa\AppData\Local\Programs\MiKTeX\tex/latex/amsfonts\umsa.fd
File: umsa.fd 2013/01/14 v3.01 AMS symbols A
)
LaTeX Font Info:    Trying to load font information for U+msb on input line 141
1.
(C:\Users\richa\AppData\Local\Programs\MiKTeX\tex/latex/amsfonts\umsb.fd
File: umsb.fd 2013/01/14 v3.01 AMS symbols B
) [2] [3] [4] [5] [6] [7] [8] [9] [10] [11] [12] [13] [14] [15] [16] [17] [18] 
[19] [20] [21] [22] [23] [24] [25] [26] [27] [28] [29] [30] [31] [32] [33] [34]
[35] [36] [37] [38] [39] [40] [41] [42] [43] [44] [45] [46] [47] [48] [49] [50]
[51] [52] [53]) (C:\Users\richa\AppData\Local\Programs\MiKTeX\tex/generic/tex4h
t\html-mml.4ht
version 2021-04-17-18:22
) (C:\Users\richa\AppData\Local\Programs\MiKTeX\tex/generic/tex4ht\html5.4ht
version 2022-01-23-07:51
)) (C:\Users\richa\AppData\Local\Programs\MiKTeX\tex/generic/tex4ht\article.4ht
version 2022-02-22-13:25
(C:\Users\richa\AppData\Local\Programs\MiKTeX\tex/generic/tex4ht\html4.4ht
version 2022-03-08-13:51
--------------------------------------
--- Note --- for automatic sectioning pagination, use the command line option `
1', `2', `3', '4', '5', '6', or '7'
--------------------------------------
--------------------------------------
--- Note --- for files named derived from section titles, use the command line 
option `sec-filename'
--------------------------------------
--------------------------------------
--- Note --- for i-columns index, use the command line option `index=i' (e.g., 
index=2)
--------------------------------------
) (C:\Users\richa\AppData\Local\Programs\MiKTeX\tex/generic/tex4ht\unicode.4ht
version 2021-06-19-14:11
) (C:\Users\richa\AppData\Local\Programs\MiKTeX\tex/generic/tex4ht\mathml.4ht
version 2021-11-30-15:01
) (C:\Users\richa\AppData\Local\Programs\MiKTeX\tex/generic/tex4ht\html-mml.4ht
version 2021-04-17-18:22
) (C:\Users\richa\AppData\Local\Programs\MiKTeX\tex/generic/tex4ht\html5.4ht
version 2022-01-23-07:51
)) (C:\Users\richa\AppData\Local\Programs\MiKTeX\tex/generic/tex4ht\amssymb.4ht
version 2009-05-21-09:32
(C:\Users\richa\AppData\Local\Programs\MiKTeX\tex/generic/tex4ht\html4.4ht
version 2022-03-08-13:51
) (C:\Users\richa\AppData\Local\Programs\MiKTeX\tex/generic/tex4ht\unicode.4ht
version 2021-06-19-14:11
) (C:\Users\richa\AppData\Local\Programs\MiKTeX\tex/generic/tex4ht\mathml.4ht
version 2021-11-30-15:01
[54] [55] [56] [57] [58] [59] [60] [61] [62] [63] [64] [65] [66] [67] [68] [69]
[70] [71] [72] [73] [74] [75] [76] [77] [78] [79] [80] [81] [82] [83] [84] [85]
[86] [87] [88] [89] [90] [91] [92] [93] [94] [95] [96] [97] [98] [99] [100] [10
1] [102] [103] [104] [105] [106] [107] [108] [109] [110] [111] [112] [113] [114
] [115] [116] [117] [118] [119] [120] [121] [122] [123] [124] [125] [126] [127]
[128] [129] [130] [131] [132] [133] [134] [135] [136] [137] [138] [139] [140] [
141] [142] [143] [144] [145] [146] [147] [148] [149] [150] [151] [152] [153] [1
54] [155] [156] [157] [158] [159] [160] [161] [162] [163] [164] [165] [166] [16
7] [168] [169] [170] [171] [172] [173] [174] [175] [176] [177] [178] [179] [180
] [181] [182] [183] [184] [185] [186] [187] [188] [189] [190] [191] [192] [193]
[194] [195] [196] [197] [198] [199] [200] [201] [202] [203] [204] [205] [206] [
207] [208] [209] [210] [211] [212] [213] [214] [215] [216] [217] [218] [219] [2
20] [221] [222] [223] [224] [225] [226] [227] [228] [229] [230] [231] [232] [23
3] [234] [235] [236] [237] [238] [239] [240] [241] [242] [243] [244] [245] [246
] [247] [248] [249] [250] [251] [252] [253] [254] [255] [256] [257]) (C:\Users\
richa\AppData\Local\Programs\MiKTeX\tex/generic/tex4ht\html-mml.4ht
version 2021-04-17-18:22
) (C:\Users\richa\AppData\Local\Programs\MiKTeX\tex/generic/tex4ht\html5.4ht
version 2022-01-23-07:51
)) (C:\Users\richa\AppData\Local\Programs\MiKTeX\tex/generic/tex4ht\amsfonts.4h
t
version 2009-05-21-09:32
(C:\Users\richa\AppData\Local\Programs\MiKTeX\tex/generic/tex4ht\html4.4ht
version 2022-03-08-13:51
) (C:\Users\richa\AppData\Local\Programs\MiKTeX\tex/generic/tex4ht\unicode.4ht
version 2021-06-19-14:11
) (C:\Users\richa\AppData\Local\Programs\MiKTeX\tex/generic/tex4ht\mathml.4ht
version 2021-11-30-15:01
) (C:\Users\richa\AppData\Local\Programs\MiKTeX\tex/generic/tex4ht\html-mml.4ht
version 2021-04-17-18:22
) (C:\Users\richa\AppData\Local\Programs\MiKTeX\tex/generic/tex4ht\html5.4ht
version 2022-01-23-07:51
)) (C:\Users\richa\AppData\Local\Programs\MiKTeX\tex/generic/tex4ht\german.4ht
version 2009-05-21-09:32
(C:\Users\richa\AppData\Local\Programs\MiKTeX\tex/generic/tex4ht\html4.4ht
version 2022-03-08-13:51
) (C:\Users\richa\AppData\Local\Programs\MiKTeX\tex/generic/tex4ht\unicode.4ht
version 2021-06-19-14:11
) (C:\Users\richa\AppData\Local\Programs\MiKTeX\tex/generic/tex4ht\mathml.4ht
version 2021-11-30-15:01
) (C:\Users\richa\AppData\Local\Programs\MiKTeX\tex/generic/tex4ht\html-mml.4ht
version 2021-04-17-18:22
) (C:\Users\richa\AppData\Local\Programs\MiKTeX\tex/generic/tex4ht\html5.4ht
version 2022-01-23-07:51
)) (C:\Users\richa\AppData\Local\Programs\MiKTeX\tex/generic/tex4ht\epsfig.4ht
version 2009-05-21-09:32
(C:\Users\richa\AppData\Local\Programs\MiKTeX\tex/generic/tex4ht\html4.4ht
version 2022-03-08-13:51
) (C:\Users\richa\AppData\Local\Programs\MiKTeX\tex/generic/tex4ht\unicode.4ht
version 2021-06-19-14:11
) (C:\Users\richa\AppData\Local\Programs\MiKTeX\tex/generic/tex4ht\mathml.4ht
version 2021-11-30-15:01
) (C:\Users\richa\AppData\Local\Programs\MiKTeX\tex/generic/tex4ht\html-mml.4ht
version 2021-04-17-18:22
) (C:\Users\richa\AppData\Local\Programs\MiKTeX\tex/generic/tex4ht\html5.4ht
version 2022-01-23-07:51
)) (C:\Users\richa\AppData\Local\Programs\MiKTeX\tex/generic/tex4ht\graphicx.4h
t
version 2022-01-12-13:53
(C:\Users\richa\AppData\Local\Programs\MiKTeX\tex/generic/tex4ht\html4.4ht
version 2022-03-08-13:51
) (C:\Users\richa\AppData\Local\Programs\MiKTeX\tex/generic/tex4ht\unicode.4ht
version 2021-06-19-14:11
) (C:\Users\richa\AppData\Local\Programs\MiKTeX\tex/generic/tex4ht\mathml.4ht
version 2021-11-30-15:01
) (C:\Users\richa\AppData\Local\Programs\MiKTeX\tex/generic/tex4ht\html-mml.4ht
version 2021-04-17-18:22
) (C:\Users\richa\AppData\Local\Programs\MiKTeX\tex/generic/tex4ht\html5.4ht
version 2022-01-23-07:51
)) (C:\Users\richa\AppData\Local\Programs\MiKTeX\tex/generic/tex4ht\graphics.4h
t
version 2021-08-12-13:49
(C:\Users\richa\AppData\Local\Programs\MiKTeX\tex/generic/tex4ht\html4.4ht
version 2022-03-08-13:51
--------------------------------------
--- Note --- if included graphics are of degraded quality, try the command line
 options `graphics-num' or `graphics-'. The `num' should provide the density of
 pixels in the bitmaps (e.g., 110). 
--------------------------------------
--------------------------------------
--- Note --- for key dimensions try the option `Gin-dim'; for key dimensions wh
en bounding box is unavailable try `Gin-dim+'; neither is recommended
--------------------------------------
) (C:\Users\richa\AppData\Local\Programs\MiKTeX\tex/generic/tex4ht\unicode.4ht
version 2021-06-19-14:11
) (C:\Users\richa\AppData\Local\Programs\MiKTeX\tex/generic/tex4ht\mathml.4ht
version 2021-11-30-15:01
) (C:\Users\richa\AppData\Local\Programs\MiKTeX\tex/generic/tex4ht\html-mml.4ht
version 2021-04-17-18:22
) (C:\Users\richa\AppData\Local\Programs\MiKTeX\tex/generic/tex4ht\html5.4ht
version 2022-01-23-07:51
)) (C:\Users\richa\AppData\Local\Programs\MiKTeX\tex/generic/tex4ht\dvips.4ht
version 2009-05-21-09:32
(C:\Users\richa\AppData\Local\Programs\MiKTeX\tex/generic/tex4ht\html4.4ht
version 2022-03-08-13:51
) (C:\Users\richa\AppData\Local\Programs\MiKTeX\tex/generic/tex4ht\unicode.4ht
version 2021-06-19-14:11
) (C:\Users\richa\AppData\Local\Programs\MiKTeX\tex/generic/tex4ht\mathml.4ht
version 2021-11-30-15:01
) (C:\Users\richa\AppData\Local\Programs\MiKTeX\tex/generic/tex4ht\html-mml.4ht
version 2021-04-17-18:22
) (C:\Users\richa\AppData\Local\Programs\MiKTeX\tex/generic/tex4ht\html5.4ht
version 2022-01-23-07:51
)) (C:\Users\richa\AppData\Local\Programs\MiKTeX\tex/generic/tex4ht\xcolor.4ht
version 2019-04-09-10:06
(C:\Users\richa\AppData\Local\Programs\MiKTeX\tex/generic/tex4ht\color.4ht
version 2022-02-01-14:27
(C:\Users\richa\AppData\Local\Programs\MiKTeX\tex/generic/tex4ht\html4.4ht
version 2022-03-08-13:51
) (C:\Users\richa\AppData\Local\Programs\MiKTeX\tex/generic/tex4ht\unicode.4ht
version 2021-06-19-14:11
) (C:\Users\richa\AppData\Local\Programs\MiKTeX\tex/generic/tex4ht\mathml.4ht
version 2021-11-30-15:01
) (C:\Users\richa\AppData\Local\Programs\MiKTeX\tex/generic/tex4ht\html-mml.4ht
version 2021-04-17-18:22
) (C:\Users\richa\AppData\Local\Programs\MiKTeX\tex/generic/tex4ht\html5.4ht
version 2022-01-23-07:51
)) (C:\Users\richa\AppData\Local\Programs\MiKTeX\tex/generic/tex4ht\html4.4ht
version 2022-03-08-13:51
) (C:\Users\richa\AppData\Local\Programs\MiKTeX\tex/generic/tex4ht\unicode.4ht
version 2021-06-19-14:11
) (C:\Users\richa\AppData\Local\Programs\MiKTeX\tex/generic/tex4ht\mathml.4ht
version 2021-11-30-15:01
) (C:\Users\richa\AppData\Local\Programs\MiKTeX\tex/generic/tex4ht\html-mml.4ht
version 2021-04-17-18:22
) (C:\Users\richa\AppData\Local\Programs\MiKTeX\tex/generic/tex4ht\html5.4ht
version 2022-01-23-07:51
)) (C:\Users\richa\AppData\Local\Programs\MiKTeX\tex/generic/tex4ht\color.4ht
version 2022-02-01-14:27
) (C:\Users\richa\AppData\Local\Programs\MiKTeX\tex/generic/tex4ht\html4.4ht
version 2022-03-08-13:51
) (C:\Users\richa\AppData\Local\Programs\MiKTeX\tex/generic/tex4ht\unicode.4ht
version 2021-06-19-14:11
) (C:\Users\richa\AppData\Local\Programs\MiKTeX\tex/generic/tex4ht\mathml.4ht
version 2021-11-30-15:01
) (C:\Users\richa\AppData\Local\Programs\MiKTeX\tex/generic/tex4ht\html-mml.4ht
version 2021-04-17-18:22
) (C:\Users\richa\AppData\Local\Programs\MiKTeX\tex/generic/tex4ht\html5.4ht
version 2022-01-23-07:51
))
(C:\Users\richa\AppData\Local\Programs\MiKTeX\tex/latex/l3backend\l3backend-dvi
ps.def
File: l3backend-dvips.def 2023-04-19 L3 backend support: dvips
\l__pdf_internal_box=\box52
\g__pdf_backend_object_int=\count194
\l__pdf_backend_content_box=\box53
\l__pdf_backend_model_box=\box54
\g__pdf_backend_annotation_int=\count195
\g__pdf_backend_link_int=\count196
\g__pdf_backend_link_sf_int=\count197
) (Assignment2Solutions.aux)
\openout1 = `Assignment2Solutions.aux'.

LaTeX Font Info:    Checking defaults for OML/cmm/m/it on input line 31.
LaTeX Font Info:    ... okay on input line 31.
LaTeX Font Info:    Checking defaults for OMS/cmsy/m/n on input line 31.
LaTeX Font Info:    ... okay on input line 31.
LaTeX Font Info:    Checking defaults for OT1/cmr/m/n on input line 31.
LaTeX Font Info:    ... okay on input line 31.
LaTeX Font Info:    Checking defaults for T1/cmr/m/n on input line 31.
LaTeX Font Info:    ... okay on input line 31.
LaTeX Font Info:    Checking defaults for TS1/cmr/m/n on input line 31.
LaTeX Font Info:    ... okay on input line 31.
LaTeX Font Info:    Checking defaults for OMX/cmex/m/n on input line 31.
LaTeX Font Info:    ... okay on input line 31.
LaTeX Font Info:    Checking defaults for U/cmr/m/n on input line 31.
LaTeX Font Info:    ... okay on input line 31.

LaTeX Warning: First page is already shipped out, ignoring
               \AtBeginDvi on input line 31.

--- file Assignment2Solutions.css ---
[1] [2] [3] [4]
l.122 --- TeX4ht warning --- File `"ISDSA2pic1.xbb"' not found ---
l.122 --- TeX4ht warning --- Cannot determine size of graphic in "ISDSA2pic1.xb
b" (no BoundingBox) ---
l. 122 --- needs --- ISDSA2pic1.jpg ---
[5] [6] [7] [8] [9] [10] [11] (Assignment2Solutions.aux)
 ***********
LaTeX2e <2023-06-01> patch level 1
L3 programming layer <2023-06-30>
 ***********
 ) 
Here is how much of TeX's memory you used:
 6763 strings out of 475552
 93651 string characters out of 5762579
 1925235 words of memory out of 5000000
 27729 multiletter control sequences out of 15000+600000
 578081 words of font info for 112 fonts, out of 8000000 for 9000
 1141 hyphenation exceptions out of 8191
 80i,15n,104p,1007b,535s stack positions out of 10000i,1000n,20000p,200000b,200000s

Output written on Assignment2Solutions.dvi (268 pages, 111548 bytes).
