This is pdfTeX, Version 3.141592653-2.6-1.40.25 (MiKTeX 23.5) (preloaded format=latex 2023.10.11)  15 OCT 2023 17:37
entering extended mode
 restricted \write18 enabled.
 %&-line parsing enabled.
**\makeatletter\def\HCode{\futurelet\HCode\HChar}\def\HChar{\ifx\HCode\def\HCod
e##1{\Link##1}\expandafter\HCode\else\expandafter\Link\fi}\def\Link#1.a.b.c.{\g
@addto@macro\@documentclasshook{\RequirePackage[#1,html]{tex4ht}}\let\HCode\doc
umentstyle\def\documentstyle{\let\documentstyle\HCode\expandafter\def\csname te
x4ht\endcsname{#1,html}\def\HCode####1{\documentstyle[tex4ht,}\@ifnextchar[{\HC
ode}{\documentstyle[tex4ht]}}}\makeatother\HCode .a.b.c.\input  BC.tex
(BC.tex
(C:\Users\richa\AppData\Local\Programs\MiKTeX\tex/latex/base\article.cls
Document Class: article 2023/05/17 v1.4n Standard LaTeX document class
(C:\Users\richa\AppData\Local\Programs\MiKTeX\tex/latex/base\size11.clo
File: size11.clo 2023/05/17 v1.4n Standard LaTeX file (size option)
)
\c@part=\count185
\c@section=\count186
\c@subsection=\count187
\c@subsubsection=\count188
\c@paragraph=\count189
\c@subparagraph=\count190
\c@figure=\count191
\c@table=\count192
\abovecaptionskip=\skip48
\belowcaptionskip=\skip49
\bibindent=\dimen140
)
(C:\Users\richa\AppData\Local\Programs\MiKTeX\tex/generic/tex4ht\tex4ht.sty
version 2021-09-14-14:11
Package: tex4ht 
--------------------------------------
--- Note --- for _ at preamble, use the command line option `early_'
--------------------------------------
--------------------------------------
--- Note --- for ^ at preamble, use the command line option `early^'
--------------------------------------
\tmp:toks=\toks17
)
(C:\Users\richa\AppData\Local\Programs\MiKTeX\tex/generic/tex4ht\usepackage.4ht
version 2022-02-19-13:30
) (C:\Users\richa\AppData\Local\Programs\MiKTeX\tex/latex/amsfonts\amssymb.sty
Package: amssymb 2013/01/14 v3.01 AMS font symbols

(C:\Users\richa\AppData\Local\Programs\MiKTeX\tex/latex/amsfonts\amsfonts.sty
Package: amsfonts 2013/01/14 v3.01 Basic AMSFonts support
\@emptytoks=\toks18
\symAMSa=\mathgroup4
\symAMSb=\mathgroup5
LaTeX Font Info:    Redeclaring math symbol \hbar on input line 98.
LaTeX Font Info:    Overwriting math alphabet `\mathfrak' in version `bold'
(Font)                  U/euf/m/n --> U/euf/b/n on input line 106.
)) (C:\Users\richa\AppData\Local\Programs\MiKTeX\tex/generic/german\german.sty
v2.5e 1998-07-08
Package: german 1998/07/08 v2.5e Support for writing german texts (br)
\grmnU@D=\dimen141
german -- \language number for Austrian undefined, default 26 used.
)
(C:\Users\richa\AppData\Local\Programs\MiKTeX\tex/latex/tools\rawfonts.sty
Package: rawfonts 1994/05/08 Low-level LaTeX 2.09 font compatibility

(C:\Users\richa\AppData\Local\Programs\MiKTeX\tex/latex/tools\somedefs.sty
Package: somedefs 1994/06/01 v0.03 Toolkit for optional definitions
)
LaTeX Font Info:    Trying to load font information for U+lasy on input line 49
.

(C:\Users\richa\AppData\Local\Programs\MiKTeX\tex/latex/base\ulasy.fd
File: ulasy.fd 1998/08/17 v2.2e LaTeX symbol font definitions
))
(C:\Users\richa\AppData\Local\Programs\MiKTeX\tex/latex/graphics\epsfig.sty
Package: epsfig 2017/06/25 v1.7b (e)psfig emulation (SPQR)

(C:\Users\richa\AppData\Local\Programs\MiKTeX\tex/latex/graphics\graphicx.sty
Package: graphicx 2021/09/16 v1.2d Enhanced LaTeX Graphics (DPC,SPQR)

(C:\Users\richa\AppData\Local\Programs\MiKTeX\tex/latex/graphics\keyval.sty
Package: keyval 2022/05/29 v1.15 key=value parser (DPC)
\KV@toks@=\toks19
)
(C:\Users\richa\AppData\Local\Programs\MiKTeX\tex/generic/tex4ht\graphics-hooks
.4ht
version 2020-10-17-13:53
)
(C:\Users\richa\AppData\Local\Programs\MiKTeX\tex/latex/graphics\graphics.sty
Package: graphics 2022/03/10 v1.4e Standard LaTeX Graphics (DPC,SPQR)

(C:\Users\richa\AppData\Local\Programs\MiKTeX\tex/latex/graphics\trig.sty
Package: trig 2021/08/11 v1.11 sin cos tan (DPC)
)
(C:\Users\richa\AppData\Local\Programs\MiKTeX\tex/latex/graphics-cfg\graphics.c
fg
File: graphics.cfg 2016/06/04 v1.11 sample graphics configuration
)
Package graphics Info: Driver file: dvips.def on input line 107.

(C:\Users\richa\AppData\Local\Programs\MiKTeX\tex/latex/graphics-def\dvips.def
File: dvips.def 2022/09/22 v3.1e Graphics/color driver for dvips
))
\Gin@req@height=\dimen142
\Gin@req@width=\dimen143
)
\epsfxsize=\dimen144
\epsfysize=\dimen145
) (C:\Users\richa\AppData\Local\Programs\MiKTeX\tex/generic/tex4ht\tex4ht.4ht
version 2021-06-20-15:33
--------------------------------------
--- Note --- for additional information, use the command line option `info'
--------------------------------------
::::::::::::::::::::::::::::::::::::::::::
 TeX4ht info is available in the log file 
::::::::::::::::::::::::::::::::::::::::::
) (C:\Users\richa\AppData\Local\Programs\MiKTeX\tex/generic/tex4ht\tex4ht.sty
version 2021-09-14-14:11

l.855 --- TeX4ht warning --- nonprimitive \everypar ---
--- needs --- tex4ht BC ---
\tmp:cnt=\count193
\openout15 = `BC.tmp'.

(BC.tmp)
\tmp:dim=\skip50
--------------------------------------
--- Note --- for XML code, use the command line option `xml' or `xhtml'
--------------------------------------
 (BC.xref)
\:refout=\write3
\openout3 = `BC.xref'.


(C:\Users\richa\AppData\Local\Programs\MiKTeX\tex/generic/tex4ht\html4.4ht
version 2022-03-08-13:51
--------------------------------------
--- Note --- to remove the <?xml version=...?> processing instruction use the c
ommand line option `no-VERSION'
--------------------------------------
--------------------------------------
--- Note --- to remove the DOCTYPE declaration use the command line option `no-
DOCTYPE'
--------------------------------------
)
(C:\Users\richa\AppData\Local\Programs\MiKTeX\tex/generic/tex4ht\html4-math.4ht
version 2022-02-28-13:22
)
--------------------------------------
--- Note --- for marking of the base font, use the command line option `fonts+'

--------------------------------------
--------------------------------------
--- Note --- for non active _, use the command line option `no_'
--------------------------------------
--------------------------------------
--- Note --- for _ of catcode 13, use the command line option `_13'
--------------------------------------
--------------------------------------
--- Note --- for non active ^, use the command line option `no^'
--------------------------------------
--------------------------------------
--- Note --- for ^ of catcode 13, use the command line option `^13'
--------------------------------------
 (C:\Users\richa\AppData\Local\Programs\MiKTeX\tex/generic/tex4ht\html4.4ht
version 2022-03-08-13:51
--------------------------------------
--- Note --- for alternative charset, use the command line option `charset=...'

--------------------------------------
--------------------------------------
--- Note --- to ignore CSS font decoration, use the `NoFonts' command line opti
on
--------------------------------------
--------------------------------------
--- Note --- for jpg bitmaps of pictures, use the `jpg' command line option. (C
haracter bitmaps are controled only by `g' records of tex4ht.env and `-g' switc
hes of tex4ht.c) 
--------------------------------------
--------------------------------------
--- Note --- for gif bitmaps of pictures, use the `gif' command line option. (C
haracter bitmaps are controled only by `g' records of tex4ht.env and `-g' switc
hes of tex4ht.c) 
--------------------------------------
--------------------------------------
--- Note --- for content and toc in 2 frames, use the command line option `fram
es'
--------------------------------------
--------------------------------------
--- Note --- for content, toc, and footnotes in 3 frames, use the command line 
option `frames-fn'
--------------------------------------
--------------------------------------
--- Note --- for file extension name xht, use the command line option `xht'
--------------------------------------
TeX4ht package options: html
--------------------------------------
--- Note --- To print a timestamp, use the command line option timestamp
--------------------------------------
--------------------------------------
--- Note --- to ignore CSS code, use the command line option `-css
--------------------------------------
--------------------------------------
--- Note --- for inline CSS code, use the command line option `css-in'
--------------------------------------
--------------------------------------
--- Note --- for pop ups on mouse over, use the command line option `mouseover'

--------------------------------------
--------------------------------------
--- Note --- for addressing images in a subdirectory, use the command line opti
on `imgdir:.../'
--------------------------------------
)
(C:\Users\richa\AppData\Local\Programs\MiKTeX\tex/generic/tex4ht\html4-math.4ht
version 2022-02-28-13:22
)
\:tokwrite=\toks20
\:tokpage=\toks21
--------------------------------------
--- Note --- for back links to toc, use the command line option `sections+'
--------------------------------------
--------------------------------------
--- Note --- for linear crosslinks of pages, use the command line option `next'

--------------------------------------
\openout15 = `BC.4ct'.

\:tocout=\write4
\openout4 = `BC.4tc'.

 (C:\Users\richa\AppData\Local\Programs\MiKTeX\tex/generic/tex4ht\html4.4ht
version 2022-03-08-13:51
)
(C:\Users\richa\AppData\Local\Programs\MiKTeX\tex/generic/tex4ht\html4-math.4ht
version 2022-02-28-13:22
) (C:\Users\richa\AppData\Local\Programs\MiKTeX\tex/generic/tex4ht\latex.4ht
version 2022-02-01-14:27
LaTeX Info: Redefining \_ on input line 173.
LaTeX Info: Redefining \, on input line 792.
LaTeX Info: Redefining \; on input line 793.
LaTeX Info: Redefining \! on input line 794.
LaTeX Info: Redefining \: on input line 795.
LaTeX Info: Redefining \> on input line 796.
--------------------------------------
--- Note --- for links into captions, instead of float heads, use the command l
ine option `refcaption'
--------------------------------------

(C:\Users\richa\AppData\Local\Programs\MiKTeX\tex/generic/tex4ht\html4.4ht
version 2022-03-08-13:51
)
(C:\Users\richa\AppData\Local\Programs\MiKTeX\tex/generic/tex4ht\html4-math.4ht
version 2022-02-28-13:22
) (C:\Users\richa\AppData\Local\Programs\MiKTeX\tex/generic/tex4ht\html4.4ht
version 2022-03-08-13:51
--------------------------------------
--- Note --- For mini tocs immediately aftter the header use the command line o
ption `minitoc<'
--------------------------------------
--------------------------------------
--- Note --- for enumerated list elements with valued data, use the command lin
e option `enumerate+'
--------------------------------------
--------------------------------------
--- Note --- for enumerated list elements li's with value attributes, use the c
ommand line option `enumerate-'
--------------------------------------
--------------------------------------
--- Note --- for CSS2 code, use the command line option `css2'
--------------------------------------
--------------------------------------
--- Note --- for pictorial tabular, use the command line option `pic-tabular'
--------------------------------------
--------------------------------------
--- Note --- for bitmap fbox'es, use the command line option `pic-fbox'
--------------------------------------
--------------------------------------
--- Note --- for bitmap framebox'es, use the command line option `pic-framebox'

--------------------------------------
--------------------------------------
--- Note --- for inline footnotes use command line option `fn-in'
--------------------------------------
--------------------------------------
--- Note --- for tracing of latex font commands, use the command line option `f
onts'
--------------------------------------
--------------------------------------
--- Note --- for width specifications of tabular p entries, use the `p-width' c
ommand line option or a configuration similar to \Configure{HColWidth}{\HCode{ 
style="width:\HColWidth"}}
--------------------------------------
)
(C:\Users\richa\AppData\Local\Programs\MiKTeX\tex/generic/tex4ht\html4-math.4ht
version 2022-02-28-13:22
--------------------------------------
--- Note --- for pictorial eqnarray, use the command line option `pic-eqnarray'

--------------------------------------
--------------------------------------
--- Note --- for pictorial array, use the command line option `pic-array'
--------------------------------------
--------------------------------------
--- Note --- for pictorial $...$ environments, use the command line option `pic
-m' (not recommended!!)
--------------------------------------
--------------------------------------
--- Note --- for pictorial $...$ and $$...$$ environments with latex alt, use t
he command line option `pic-m+' (not safe!!)
--------------------------------------
--------------------------------------
--- Note --- for pictorial array, use the command line option `pic-array'
--------------------------------------
))
(C:\Users\richa\AppData\Local\Programs\MiKTeX\tex/generic/tex4ht\fontmath.4ht
version 2018-11-06-15:55

(C:\Users\richa\AppData\Local\Programs\MiKTeX\tex/generic/tex4ht\html4.4ht
version 2022-03-08-13:51
)
(C:\Users\richa\AppData\Local\Programs\MiKTeX\tex/generic/tex4ht\html4-math.4ht
version 2022-02-28-13:22
)) (C:\Users\richa\AppData\Local\Programs\MiKTeX\tex/generic/tex4ht\article.4ht
version 2022-02-22-13:25
(C:\Users\richa\AppData\Local\Programs\MiKTeX\tex/generic/tex4ht\html4.4ht
version 2022-03-08-13:51
--------------------------------------
--- Note --- for automatic sectioning pagination, use the command line option `
1', `2', `3', '4', '5', '6', or '7'
--------------------------------------
--------------------------------------
--- Note --- for files named derived from section titles, use the command line 
option `sec-filename'
--------------------------------------
--------------------------------------
--- Note --- for i-columns index, use the command line option `index=i' (e.g., 
index=2)
--------------------------------------
)
(C:\Users\richa\AppData\Local\Programs\MiKTeX\tex/generic/tex4ht\html4-math.4ht
version 2022-02-28-13:22
)) (C:\Users\richa\AppData\Local\Programs\MiKTeX\tex/generic/tex4ht\amssymb.4ht
version 2009-05-21-09:32
(C:\Users\richa\AppData\Local\Programs\MiKTeX\tex/generic/tex4ht\html4.4ht
version 2022-03-08-13:51
)
(C:\Users\richa\AppData\Local\Programs\MiKTeX\tex/generic/tex4ht\html4-math.4ht
version 2022-02-28-13:22
))
(C:\Users\richa\AppData\Local\Programs\MiKTeX\tex/generic/tex4ht\amsfonts.4ht
version 2009-05-21-09:32

(C:\Users\richa\AppData\Local\Programs\MiKTeX\tex/generic/tex4ht\html4.4ht
version 2022-03-08-13:51
)
(C:\Users\richa\AppData\Local\Programs\MiKTeX\tex/generic/tex4ht\html4-math.4ht
version 2022-02-28-13:22
)) (C:\Users\richa\AppData\Local\Programs\MiKTeX\tex/generic/tex4ht\german.4ht
version 2009-05-21-09:32

(C:\Users\richa\AppData\Local\Programs\MiKTeX\tex/generic/tex4ht\html4.4ht
version 2022-03-08-13:51
)
(C:\Users\richa\AppData\Local\Programs\MiKTeX\tex/generic/tex4ht\html4-math.4ht
version 2022-02-28-13:22
)) (C:\Users\richa\AppData\Local\Programs\MiKTeX\tex/generic/tex4ht\epsfig.4ht
version 2009-05-21-09:32

(C:\Users\richa\AppData\Local\Programs\MiKTeX\tex/generic/tex4ht\html4.4ht
version 2022-03-08-13:51
)
(C:\Users\richa\AppData\Local\Programs\MiKTeX\tex/generic/tex4ht\html4-math.4ht
version 2022-02-28-13:22
))
(C:\Users\richa\AppData\Local\Programs\MiKTeX\tex/generic/tex4ht\graphicx.4ht
version 2022-01-12-13:53

(C:\Users\richa\AppData\Local\Programs\MiKTeX\tex/generic/tex4ht\html4.4ht
version 2022-03-08-13:51
)
(C:\Users\richa\AppData\Local\Programs\MiKTeX\tex/generic/tex4ht\html4-math.4ht
version 2022-02-28-13:22
))
(C:\Users\richa\AppData\Local\Programs\MiKTeX\tex/generic/tex4ht\graphics.4ht
version 2021-08-12-13:49

(C:\Users\richa\AppData\Local\Programs\MiKTeX\tex/generic/tex4ht\html4.4ht
version 2022-03-08-13:51
--------------------------------------
--- Note --- if included graphics are of degraded quality, try the command line
 options `graphics-num' or `graphics-'. The `num' should provide the density of
 pixels in the bitmaps (e.g., 110). 
--------------------------------------
--------------------------------------
--- Note --- for key dimensions try the option `Gin-dim'; for key dimensions wh
en bounding box is unavailable try `Gin-dim+'; neither is recommended
--------------------------------------
)
(C:\Users\richa\AppData\Local\Programs\MiKTeX\tex/generic/tex4ht\html4-math.4ht
version 2022-02-28-13:22
)) (C:\Users\richa\AppData\Local\Programs\MiKTeX\tex/generic/tex4ht\dvips.4ht
version 2009-05-21-09:32

(C:\Users\richa\AppData\Local\Programs\MiKTeX\tex/generic/tex4ht\html4.4ht
version 2022-03-08-13:51
)
(C:\Users\richa\AppData\Local\Programs\MiKTeX\tex/generic/tex4ht\html4-math.4ht
version 2022-02-28-13:22
)) (C:\Users\richa\AppData\Local\Programs\MiKTeX\tex/generic/tex4ht\html4.4ht
version 2022-03-08-13:51
)
(C:\Users\richa\AppData\Local\Programs\MiKTeX\tex/generic/tex4ht\html4-math.4ht
version 2022-02-28-13:22
))
(C:\Users\richa\AppData\Local\Programs\MiKTeX\tex/latex/l3backend\l3backend-dvi
ps.def
File: l3backend-dvips.def 2023-04-19 L3 backend support: dvips
\l__pdf_internal_box=\box51
\g__pdf_backend_object_int=\count194
\l__pdf_backend_content_box=\box52
\l__pdf_backend_model_box=\box53
\g__pdf_backend_annotation_int=\count195
\g__pdf_backend_link_int=\count196
\g__pdf_backend_link_sf_int=\count197
) (BC.aux)
\openout1 = `BC.aux'.

LaTeX Font Info:    Checking defaults for OML/cmm/m/it on input line 29.
LaTeX Font Info:    ... okay on input line 29.
LaTeX Font Info:    Checking defaults for OMS/cmsy/m/n on input line 29.
LaTeX Font Info:    ... okay on input line 29.
LaTeX Font Info:    Checking defaults for OT1/cmr/m/n on input line 29.
LaTeX Font Info:    ... okay on input line 29.
LaTeX Font Info:    Checking defaults for T1/cmr/m/n on input line 29.
LaTeX Font Info:    ... okay on input line 29.
LaTeX Font Info:    Checking defaults for TS1/cmr/m/n on input line 29.
LaTeX Font Info:    ... okay on input line 29.
LaTeX Font Info:    Checking defaults for OMX/cmex/m/n on input line 29.
LaTeX Font Info:    ... okay on input line 29.
LaTeX Font Info:    Checking defaults for U/cmr/m/n on input line 29.
LaTeX Font Info:    ... okay on input line 29.
--- file BC.css ---
LaTeX Font Info:    Trying to load font information for U+msa on input line 40.


(C:\Users\richa\AppData\Local\Programs\MiKTeX\tex/latex/amsfonts\umsa.fd
File: umsa.fd 2013/01/14 v3.01 AMS symbols A
)
LaTeX Font Info:    Trying to load font information for U+msb on input line 40.


(C:\Users\richa\AppData\Local\Programs\MiKTeX\tex/latex/amsfonts\umsb.fd
File: umsb.fd 2013/01/14 v3.01 AMS symbols B
)
[1

]
l. 68 Writing BC.idv[1] (BC0x.png)
 [2] [3] (BC.aux)
 ***********
LaTeX2e <2023-06-01> patch level 1
L3 programming layer <2023-06-30>
 ***********
 ) 
Here is how much of TeX's memory you used:
 5387 strings out of 475552
 70126 string characters out of 5762579
 1928235 words of memory out of 5000000
 26495 multiletter control sequences out of 15000+600000
 575619 words of font info for 104 fonts, out of 8000000 for 9000
 1141 hyphenation exceptions out of 8191
 80i,8n,104p,1246b,465s stack positions out of 10000i,1000n,20000p,200000b,200000s

Output written on BC.dvi (3 pages, 17328 bytes).
