This is pdfTeX, Version 3.141592653-2.6-1.40.25 (MiKTeX 23.5) (preloaded format=latex 2023.10.11)  4 NOV 2023 12:46
entering extended mode
 restricted \write18 enabled.
 %&-line parsing enabled.
**\makeatletter\def\HCode{\futurelet\HCode\HChar}\def\HChar{\ifx\HCode\def\HCod
e##1{\Link##1}\expandafter\HCode\else\expandafter\Link\fi}\def\Link#1.a.b.c.{\g
@addto@macro\@documentclasshook{\RequirePackage[#1,html]{tex4ht}}\let\HCode\doc
umentstyle\def\documentstyle{\let\documentstyle\HCode\expandafter\def\csname te
x4ht\endcsname{#1,html}\def\HCode####1{\documentstyle[tex4ht,}\@ifnextchar[{\HC
ode}{\documentstyle[tex4ht]}}}\makeatother\HCode .a.b.c.\input  ISDSA1Solsupdat
e.tex
(ISDSA1Solsupdate.tex
(C:\Users\richa\AppData\Local\Programs\MiKTeX\tex/latex/base\article.cls
Document Class: article 2023/05/17 v1.4n Standard LaTeX document class
(C:\Users\richa\AppData\Local\Programs\MiKTeX\tex/latex/base\size11.clo
File: size11.clo 2023/05/17 v1.4n Standard LaTeX file (size option)
)
\c@part=\count185
\c@section=\count186
\c@subsection=\count187
\c@subsubsection=\count188
\c@paragraph=\count189
\c@subparagraph=\count190
\c@figure=\count191
\c@table=\count192
\abovecaptionskip=\skip48
\belowcaptionskip=\skip49
\bibindent=\dimen140
)
(C:\Users\richa\AppData\Local\Programs\MiKTeX\tex/generic/tex4ht\tex4ht.sty
version 2021-09-14-14:11
Package: tex4ht 
--------------------------------------
--- Note --- for _ at preamble, use the command line option `early_'
--------------------------------------
--------------------------------------
--- Note --- for ^ at preamble, use the command line option `early^'
--------------------------------------
\tmp:toks=\toks17
)
(C:\Users\richa\AppData\Local\Programs\MiKTeX\tex/generic/tex4ht\usepackage.4ht
version 2022-02-19-13:30
) (C:\Users\richa\AppData\Local\Programs\MiKTeX\tex/latex/amsfonts\amssymb.sty
Package: amssymb 2013/01/14 v3.01 AMS font symbols

(C:\Users\richa\AppData\Local\Programs\MiKTeX\tex/latex/amsfonts\amsfonts.sty
Package: amsfonts 2013/01/14 v3.01 Basic AMSFonts support
\@emptytoks=\toks18
\symAMSa=\mathgroup4
\symAMSb=\mathgroup5
LaTeX Font Info:    Redeclaring math symbol \hbar on input line 98.
LaTeX Font Info:    Overwriting math alphabet `\mathfrak' in version `bold'
(Font)                  U/euf/m/n --> U/euf/b/n on input line 106.
)) (C:\Users\richa\AppData\Local\Programs\MiKTeX\tex/generic/german\german.sty
v2.5e 1998-07-08
Package: german 1998/07/08 v2.5e Support for writing german texts (br)
\grmnU@D=\dimen141
german -- \language number for Austrian undefined, default 26 used.
)
(C:\Users\richa\AppData\Local\Programs\MiKTeX\tex/latex/tools\rawfonts.sty
Package: rawfonts 1994/05/08 Low-level LaTeX 2.09 font compatibility

(C:\Users\richa\AppData\Local\Programs\MiKTeX\tex/latex/tools\somedefs.sty
Package: somedefs 1994/06/01 v0.03 Toolkit for optional definitions
)
LaTeX Font Info:    Trying to load font information for U+lasy on input line 49
.

(C:\Users\richa\AppData\Local\Programs\MiKTeX\tex/latex/base\ulasy.fd
File: ulasy.fd 1998/08/17 v2.2e LaTeX symbol font definitions
))
(C:\Users\richa\AppData\Local\Programs\MiKTeX\tex/latex/graphics\epsfig.sty
Package: epsfig 2017/06/25 v1.7b (e)psfig emulation (SPQR)

(C:\Users\richa\AppData\Local\Programs\MiKTeX\tex/latex/graphics\graphicx.sty
Package: graphicx 2021/09/16 v1.2d Enhanced LaTeX Graphics (DPC,SPQR)

(C:\Users\richa\AppData\Local\Programs\MiKTeX\tex/latex/graphics\keyval.sty
Package: keyval 2022/05/29 v1.15 key=value parser (DPC)
\KV@toks@=\toks19
)
(C:\Users\richa\AppData\Local\Programs\MiKTeX\tex/generic/tex4ht\graphics-hooks
.4ht
version 2020-10-17-13:53
)
(C:\Users\richa\AppData\Local\Programs\MiKTeX\tex/latex/graphics\graphics.sty
Package: graphics 2022/03/10 v1.4e Standard LaTeX Graphics (DPC,SPQR)

(C:\Users\richa\AppData\Local\Programs\MiKTeX\tex/latex/graphics\trig.sty
Package: trig 2021/08/11 v1.11 sin cos tan (DPC)
)
(C:\Users\richa\AppData\Local\Programs\MiKTeX\tex/latex/graphics-cfg\graphics.c
fg
File: graphics.cfg 2016/06/04 v1.11 sample graphics configuration
)
Package graphics Info: Driver file: dvips.def on input line 107.

(C:\Users\richa\AppData\Local\Programs\MiKTeX\tex/latex/graphics-def\dvips.def
File: dvips.def 2022/09/22 v3.1e Graphics/color driver for dvips
))
\Gin@req@height=\dimen142
\Gin@req@width=\dimen143
)
\epsfxsize=\dimen144
\epsfysize=\dimen145
) (almS.tex
(C:\Users\richa\AppData\Local\Programs\MiKTeX\tex/latex/amsmath\amsmath.sty
Package: amsmath 2023/05/13 v2.17o AMS math features
\@mathmargin=\skip50

For additional information on amsmath, use the `?' option.
(C:\Users\richa\AppData\Local\Programs\MiKTeX\tex/latex/amsmath\amstext.sty
Package: amstext 2021/08/26 v2.01 AMS text

(C:\Users\richa\AppData\Local\Programs\MiKTeX\tex/latex/amsmath\amsgen.sty
File: amsgen.sty 1999/11/30 v2.0 generic functions
\@emptytoks=\toks20
\ex@=\dimen146
))
(C:\Users\richa\AppData\Local\Programs\MiKTeX\tex/latex/amsmath\amsbsy.sty
Package: amsbsy 1999/11/29 v1.2d Bold Symbols
\pmbraise@=\dimen147
)
(C:\Users\richa\AppData\Local\Programs\MiKTeX\tex/latex/amsmath\amsopn.sty
Package: amsopn 2022/04/08 v2.04 operator names
)
\inf@bad=\count193
LaTeX Info: Redefining \frac on input line 234.
\uproot@=\count194
\leftroot@=\count195
LaTeX Info: Redefining \overline on input line 399.
LaTeX Info: Redefining \colon on input line 410.
\classnum@=\count196
\DOTSCASE@=\count197
LaTeX Info: Redefining \ldots on input line 496.
LaTeX Info: Redefining \dots on input line 499.
LaTeX Info: Redefining \cdots on input line 620.
\Mathstrutbox@=\box51
\strutbox@=\box52
LaTeX Info: Redefining \big on input line 722.
LaTeX Info: Redefining \Big on input line 723.
LaTeX Info: Redefining \bigg on input line 724.
LaTeX Info: Redefining \Bigg on input line 725.
\big@size=\dimen148
LaTeX Font Info:    Redeclaring font encoding OML on input line 743.
LaTeX Font Info:    Redeclaring font encoding OMS on input line 744.
\macc@depth=\count198
LaTeX Info: Redefining \bmod on input line 905.
LaTeX Info: Redefining \pmod on input line 910.
LaTeX Info: Redefining \smash on input line 940.
LaTeX Info: Redefining \relbar on input line 970.
LaTeX Info: Redefining \Relbar on input line 971.
\c@MaxMatrixCols=\count199
\dotsspace@=\muskip16
\c@parentequation=\count266
\dspbrk@lvl=\count267
\tag@help=\toks21
\row@=\count268
\column@=\count269
\maxfields@=\count270
\andhelp@=\toks22
\eqnshift@=\dimen149
\alignsep@=\dimen150
\tagshift@=\dimen151
\tagwidth@=\dimen152
\totwidth@=\dimen153
\lineht@=\dimen154
\@envbody=\toks23
\multlinegap=\skip51
\multlinetaggap=\skip52
\mathdisplay@stack=\toks24
LaTeX Info: Redefining \[ on input line 2953.
LaTeX Info: Redefining \] on input line 2954.
)
(C:\Users\richa\AppData\Local\Programs\MiKTeX\tex/latex/amscls\amsthm.sty
Package: amsthm 2020/05/29 v2.20.6
\thm@style=\toks25
\thm@bodyfont=\toks26
\thm@headfont=\toks27
\thm@notefont=\toks28
\thm@headpunct=\toks29
\thm@preskip=\skip53
\thm@postskip=\skip54
\thm@headsep=\skip55
\dth@everypar=\toks30
)
(C:\Users\richa\AppData\Local\Programs\MiKTeX\tex/latex/graphics\color.sty
Package: color 2022/01/06 v1.3d Standard LaTeX Color (DPC)

(C:\Users\richa\AppData\Local\Programs\MiKTeX\tex/latex/graphics-cfg\color.cfg
File: color.cfg 2016/01/02 v1.6 sample color configuration
)
Package color Info: Driver file: dvips.def on input line 149.
(C:\Users\richa\AppData\Local\Programs\MiKTeX\tex/latex/graphics\dvipsnam.def
File: dvipsnam.def 2016/06/17 v3.0m Driver-dependent file (DPC,SPQR)
)
(C:\Users\richa\AppData\Local\Programs\MiKTeX\tex/latex/graphics\mathcolor.ltx)
) (C:\Users\richa\AppData\Local\Programs\MiKTeX\tex/generic/dvips\colordvi.sty)
\breite=\skip56
\c@aufg=\count271
\c@auf=\count272
\c@loes=\count273
\c@ka=\count274
\c@lka=\count275
) (C:\Users\richa\AppData\Local\Programs\MiKTeX\tex/generic/tex4ht\tex4ht.4ht
version 2021-06-20-15:33
--------------------------------------
--- Note --- for additional information, use the command line option `info'
--------------------------------------

::::::::::::::::::::::::::::::::::::::::::
 TeX4ht info is available in the log file 
::::::::::::::::::::::::::::::::::::::::::
) (C:\Users\richa\AppData\Local\Programs\MiKTeX\tex/generic/tex4ht\tex4ht.sty
version 2021-09-14-14:11

l.855 --- TeX4ht warning --- nonprimitive \everypar ---
--- needs --- tex4ht ISDSA1Solsupdate ---
\tmp:cnt=\count276
\openout15 = `ISDSA1Solsupdate.tmp'.

(ISDSA1Solsupdate.tmp)
\tmp:dim=\skip57
--------------------------------------
--- Note --- for XML code, use the command line option `xml' or `xhtml'
--------------------------------------
 (ISDSA1Solsupdate.xref)
\:refout=\write3
\openout3 = `ISDSA1Solsupdate.xref'.


(C:\Users\richa\AppData\Local\Programs\MiKTeX\tex/generic/tex4ht\html4.4ht
version 2022-03-08-13:51
--------------------------------------
--- Note --- to remove the <?xml version=...?> processing instruction use the c
ommand line option `no-VERSION'
--------------------------------------
--------------------------------------
--- Note --- to remove the DOCTYPE declaration use the command line option `no-
DOCTYPE'
--------------------------------------
)
(C:\Users\richa\AppData\Local\Programs\MiKTeX\tex/generic/tex4ht\html4-math.4ht
version 2022-02-28-13:22
)
--------------------------------------
--- Note --- for marking of the base font, use the command line option `fonts+'

--------------------------------------
--------------------------------------
--- Note --- for non active _, use the command line option `no_'
--------------------------------------
--------------------------------------
--- Note --- for _ of catcode 13, use the command line option `_13'
--------------------------------------
--------------------------------------
--- Note --- for non active ^, use the command line option `no^'
--------------------------------------
--------------------------------------
--- Note --- for ^ of catcode 13, use the command line option `^13'
--------------------------------------
 (C:\Users\richa\AppData\Local\Programs\MiKTeX\tex/generic/tex4ht\html4.4ht
version 2022-03-08-13:51
--------------------------------------
--- Note --- for alternative charset, use the command line option `charset=...'

--------------------------------------
--------------------------------------
--- Note --- to ignore CSS font decoration, use the `NoFonts' command line opti
on
--------------------------------------
--------------------------------------
--- Note --- for jpg bitmaps of pictures, use the `jpg' command line option. (C
haracter bitmaps are controled only by `g' records of tex4ht.env and `-g' switc
hes of tex4ht.c) 
--------------------------------------
--------------------------------------
--- Note --- for gif bitmaps of pictures, use the `gif' command line option. (C
haracter bitmaps are controled only by `g' records of tex4ht.env and `-g' switc
hes of tex4ht.c) 
--------------------------------------
--------------------------------------
--- Note --- for content and toc in 2 frames, use the command line option `fram
es'
--------------------------------------
--------------------------------------
--- Note --- for content, toc, and footnotes in 3 frames, use the command line 
option `frames-fn'
--------------------------------------
--------------------------------------
--- Note --- for file extension name xht, use the command line option `xht'
--------------------------------------
TeX4ht package options: html
--------------------------------------
--- Note --- To print a timestamp, use the command line option timestamp
--------------------------------------
--------------------------------------
--- Note --- to ignore CSS code, use the command line option `-css
--------------------------------------
--------------------------------------
--- Note --- for inline CSS code, use the command line option `css-in'
--------------------------------------
--------------------------------------
--- Note --- for pop ups on mouse over, use the command line option `mouseover'

--------------------------------------
--------------------------------------
--- Note --- for addressing images in a subdirectory, use the command line opti
on `imgdir:.../'
--------------------------------------
)
(C:\Users\richa\AppData\Local\Programs\MiKTeX\tex/generic/tex4ht\html4-math.4ht
version 2022-02-28-13:22
)
\:tokwrite=\toks31
\:tokpage=\toks32
--------------------------------------
--- Note --- for back links to toc, use the command line option `sections+'
--------------------------------------
--------------------------------------
--- Note --- for linear crosslinks of pages, use the command line option `next'

--------------------------------------
\openout15 = `ISDSA1Solsupdate.4ct'.

\:tocout=\write4
\openout4 = `ISDSA1Solsupdate.4tc'.

 (C:\Users\richa\AppData\Local\Programs\MiKTeX\tex/generic/tex4ht\html4.4ht
version 2022-03-08-13:51
)
(C:\Users\richa\AppData\Local\Programs\MiKTeX\tex/generic/tex4ht\html4-math.4ht
version 2022-02-28-13:22
) (C:\Users\richa\AppData\Local\Programs\MiKTeX\tex/generic/tex4ht\latex.4ht
version 2022-02-01-14:27
LaTeX Info: Redefining \_ on input line 173.
LaTeX Info: Redefining \, on input line 792.
LaTeX Info: Redefining \; on input line 793.
LaTeX Info: Redefining \! on input line 794.
LaTeX Info: Redefining \: on input line 795.
LaTeX Info: Redefining \> on input line 796.
--------------------------------------
--- Note --- for links into captions, instead of float heads, use the command l
ine option `refcaption'
--------------------------------------

(C:\Users\richa\AppData\Local\Programs\MiKTeX\tex/generic/tex4ht\html4.4ht
version 2022-03-08-13:51
)
(C:\Users\richa\AppData\Local\Programs\MiKTeX\tex/generic/tex4ht\html4-math.4ht
version 2022-02-28-13:22
) (C:\Users\richa\AppData\Local\Programs\MiKTeX\tex/generic/tex4ht\html4.4ht
version 2022-03-08-13:51
--------------------------------------
--- Note --- For mini tocs immediately aftter the header use the command line o
ption `minitoc<'
--------------------------------------
--------------------------------------
--- Note --- for enumerated list elements with valued data, use the command lin
e option `enumerate+'
--------------------------------------
--------------------------------------
--- Note --- for enumerated list elements li's with value attributes, use the c
ommand line option `enumerate-'
--------------------------------------
--------------------------------------
--- Note --- for CSS2 code, use the command line option `css2'
--------------------------------------
--------------------------------------
--- Note --- for pictorial tabular, use the command line option `pic-tabular'
--------------------------------------
--------------------------------------
--- Note --- for bitmap fbox'es, use the command line option `pic-fbox'
--------------------------------------
--------------------------------------
--- Note --- for bitmap framebox'es, use the command line option `pic-framebox'

--------------------------------------
--------------------------------------
--- Note --- for inline footnotes use command line option `fn-in'
--------------------------------------
--------------------------------------
--- Note --- for tracing of latex font commands, use the command line option `f
onts'
--------------------------------------
--------------------------------------
--- Note --- for width specifications of tabular p entries, use the `p-width' c
ommand line option or a configuration similar to \Configure{HColWidth}{\HCode{ 
style="width:\HColWidth"}}
--------------------------------------
)
(C:\Users\richa\AppData\Local\Programs\MiKTeX\tex/generic/tex4ht\html4-math.4ht
version 2022-02-28-13:22
--------------------------------------
--- Note --- for pictorial eqnarray, use the command line option `pic-eqnarray'

--------------------------------------
--------------------------------------
--- Note --- for pictorial array, use the command line option `pic-array'
--------------------------------------
--------------------------------------
--- Note --- for pictorial $...$ environments, use the command line option `pic
-m' (not recommended!!)
--------------------------------------
--------------------------------------
--- Note --- for pictorial $...$ and $$...$$ environments with latex alt, use t
he command line option `pic-m+' (not safe!!)
--------------------------------------
--------------------------------------
--- Note --- for pictorial array, use the command line option `pic-array'
--------------------------------------
))
(C:\Users\richa\AppData\Local\Programs\MiKTeX\tex/generic/tex4ht\fontmath.4ht
version 2018-11-06-15:55

(C:\Users\richa\AppData\Local\Programs\MiKTeX\tex/generic/tex4ht\html4.4ht
version 2022-03-08-13:51
)
(C:\Users\richa\AppData\Local\Programs\MiKTeX\tex/generic/tex4ht\html4-math.4ht
version 2022-02-28-13:22
)) (C:\Users\richa\AppData\Local\Programs\MiKTeX\tex/generic/tex4ht\article.4ht
version 2022-02-22-13:25
(C:\Users\richa\AppData\Local\Programs\MiKTeX\tex/generic/tex4ht\html4.4ht
version 2022-03-08-13:51
--------------------------------------
--- Note --- for automatic sectioning pagination, use the command line option `
1', `2', `3', '4', '5', '6', or '7'
--------------------------------------
--------------------------------------
--- Note --- for files named derived from section titles, use the command line 
option `sec-filename'
--------------------------------------
--------------------------------------
--- Note --- for i-columns index, use the command line option `index=i' (e.g., 
index=2)
--------------------------------------
)
(C:\Users\richa\AppData\Local\Programs\MiKTeX\tex/generic/tex4ht\html4-math.4ht
version 2022-02-28-13:22
)) (C:\Users\richa\AppData\Local\Programs\MiKTeX\tex/generic/tex4ht\amssymb.4ht
version 2009-05-21-09:32
(C:\Users\richa\AppData\Local\Programs\MiKTeX\tex/generic/tex4ht\html4.4ht
version 2022-03-08-13:51
)
(C:\Users\richa\AppData\Local\Programs\MiKTeX\tex/generic/tex4ht\html4-math.4ht
version 2022-02-28-13:22
))
(C:\Users\richa\AppData\Local\Programs\MiKTeX\tex/generic/tex4ht\amsfonts.4ht
version 2009-05-21-09:32

(C:\Users\richa\AppData\Local\Programs\MiKTeX\tex/generic/tex4ht\html4.4ht
version 2022-03-08-13:51
)
(C:\Users\richa\AppData\Local\Programs\MiKTeX\tex/generic/tex4ht\html4-math.4ht
version 2022-02-28-13:22
)) (C:\Users\richa\AppData\Local\Programs\MiKTeX\tex/generic/tex4ht\german.4ht
version 2009-05-21-09:32

(C:\Users\richa\AppData\Local\Programs\MiKTeX\tex/generic/tex4ht\html4.4ht
version 2022-03-08-13:51
)
(C:\Users\richa\AppData\Local\Programs\MiKTeX\tex/generic/tex4ht\html4-math.4ht
version 2022-02-28-13:22
)) (C:\Users\richa\AppData\Local\Programs\MiKTeX\tex/generic/tex4ht\epsfig.4ht
version 2009-05-21-09:32

(C:\Users\richa\AppData\Local\Programs\MiKTeX\tex/generic/tex4ht\html4.4ht
version 2022-03-08-13:51
)
(C:\Users\richa\AppData\Local\Programs\MiKTeX\tex/generic/tex4ht\html4-math.4ht
version 2022-02-28-13:22
))
(C:\Users\richa\AppData\Local\Programs\MiKTeX\tex/generic/tex4ht\graphicx.4ht
version 2022-01-12-13:53

(C:\Users\richa\AppData\Local\Programs\MiKTeX\tex/generic/tex4ht\html4.4ht
version 2022-03-08-13:51
)
(C:\Users\richa\AppData\Local\Programs\MiKTeX\tex/generic/tex4ht\html4-math.4ht
version 2022-02-28-13:22
))
(C:\Users\richa\AppData\Local\Programs\MiKTeX\tex/generic/tex4ht\graphics.4ht
version 2021-08-12-13:49

(C:\Users\richa\AppData\Local\Programs\MiKTeX\tex/generic/tex4ht\html4.4ht
version 2022-03-08-13:51
--------------------------------------
--- Note --- if included graphics are of degraded quality, try the command line
 options `graphics-num' or `graphics-'. The `num' should provide the density of
 pixels in the bitmaps (e.g., 110). 
--------------------------------------
--------------------------------------
--- Note --- for key dimensions try the option `Gin-dim'; for key dimensions wh
en bounding box is unavailable try `Gin-dim+'; neither is recommended
--------------------------------------
)
(C:\Users\richa\AppData\Local\Programs\MiKTeX\tex/generic/tex4ht\html4-math.4ht
version 2022-02-28-13:22
)) (C:\Users\richa\AppData\Local\Programs\MiKTeX\tex/generic/tex4ht\dvips.4ht
version 2009-05-21-09:32

(C:\Users\richa\AppData\Local\Programs\MiKTeX\tex/generic/tex4ht\html4.4ht
version 2022-03-08-13:51
)
(C:\Users\richa\AppData\Local\Programs\MiKTeX\tex/generic/tex4ht\html4-math.4ht
version 2022-02-28-13:22
)) (C:\Users\richa\AppData\Local\Programs\MiKTeX\tex/generic/tex4ht\amsmath.4ht
version 2019-12-29-14:17
\tmp:muskip=\muskip17
(C:\Users\richa\AppData\Local\Programs\MiKTeX\tex/generic/tex4ht\html4.4ht
version 2022-03-08-13:51
)
(C:\Users\richa\AppData\Local\Programs\MiKTeX\tex/generic/tex4ht\html4-math.4ht
version 2022-02-28-13:22
LaTeX Info: Redefining \[ on input line 506.
LaTeX Info: Redefining \] on input line 506.
)) (C:\Users\richa\AppData\Local\Programs\MiKTeX\tex/generic/tex4ht\amstext.4ht
version 2009-05-21-09:32
(C:\Users\richa\AppData\Local\Programs\MiKTeX\tex/generic/tex4ht\html4.4ht
version 2022-03-08-13:51
)
(C:\Users\richa\AppData\Local\Programs\MiKTeX\tex/generic/tex4ht\html4-math.4ht
version 2022-02-28-13:22
)) (C:\Users\richa\AppData\Local\Programs\MiKTeX\tex/generic/tex4ht\amsbsy.4ht
version 2009-05-21-09:32

(C:\Users\richa\AppData\Local\Programs\MiKTeX\tex/generic/tex4ht\html4.4ht
version 2022-03-08-13:51
)
(C:\Users\richa\AppData\Local\Programs\MiKTeX\tex/generic/tex4ht\html4-math.4ht
version 2022-02-28-13:22
)) (C:\Users\richa\AppData\Local\Programs\MiKTeX\tex/generic/tex4ht\amsopn.4ht
version 2009-05-21-09:32

(C:\Users\richa\AppData\Local\Programs\MiKTeX\tex/generic/tex4ht\html4.4ht
version 2022-03-08-13:51
)
(C:\Users\richa\AppData\Local\Programs\MiKTeX\tex/generic/tex4ht\html4-math.4ht
version 2022-02-28-13:22
)) (C:\Users\richa\AppData\Local\Programs\MiKTeX\tex/generic/tex4ht\amsthm.4ht
version 2009-05-21-09:32

(C:\Users\richa\AppData\Local\Programs\MiKTeX\tex/generic/tex4ht\html4.4ht
version 2022-03-08-13:51
)
(C:\Users\richa\AppData\Local\Programs\MiKTeX\tex/generic/tex4ht\html4-math.4ht
version 2022-02-28-13:22
)) (C:\Users\richa\AppData\Local\Programs\MiKTeX\tex/generic/tex4ht\color.4ht
version 2022-02-01-14:27

(C:\Users\richa\AppData\Local\Programs\MiKTeX\tex/generic/tex4ht\html4.4ht
version 2022-03-08-13:51
)
(C:\Users\richa\AppData\Local\Programs\MiKTeX\tex/generic/tex4ht\html4-math.4ht
version 2022-02-28-13:22
))
(C:\Users\richa\AppData\Local\Programs\MiKTeX\tex/generic/tex4ht\dvipsnam.4ht
version 2009-05-21-09:32

(C:\Users\richa\AppData\Local\Programs\MiKTeX\tex/latex/graphics\dvipsnam.def)
(C:\Users\richa\AppData\Local\Programs\MiKTeX\tex/generic/tex4ht\html4.4ht
version 2022-03-08-13:51
)
(C:\Users\richa\AppData\Local\Programs\MiKTeX\tex/generic/tex4ht\html4-math.4ht
version 2022-02-28-13:22
)) (C:\Users\richa\AppData\Local\Programs\MiKTeX\tex/generic/tex4ht\html4.4ht
version 2022-03-08-13:51
)
(C:\Users\richa\AppData\Local\Programs\MiKTeX\tex/generic/tex4ht\html4-math.4ht
version 2022-02-28-13:22
))
(C:\Users\richa\AppData\Local\Programs\MiKTeX\tex/latex/l3backend\l3backend-dvi
ps.def
File: l3backend-dvips.def 2023-04-19 L3 backend support: dvips
\l__pdf_internal_box=\box53
\g__pdf_backend_object_int=\count277
\l__pdf_backend_content_box=\box54
\l__pdf_backend_model_box=\box55
\g__pdf_backend_annotation_int=\count278
\g__pdf_backend_link_int=\count279
\g__pdf_backend_link_sf_int=\count280
) (ISDSA1Solsupdate.aux)
\openout1 = `ISDSA1Solsupdate.aux'.

LaTeX Font Info:    Checking defaults for OML/cmm/m/it on input line 29.
LaTeX Font Info:    ... okay on input line 29.
LaTeX Font Info:    Checking defaults for OMS/cmsy/m/n on input line 29.
LaTeX Font Info:    ... okay on input line 29.
LaTeX Font Info:    Checking defaults for OT1/cmr/m/n on input line 29.
LaTeX Font Info:    ... okay on input line 29.
LaTeX Font Info:    Checking defaults for T1/cmr/m/n on input line 29.
LaTeX Font Info:    ... okay on input line 29.
LaTeX Font Info:    Checking defaults for TS1/cmr/m/n on input line 29.
LaTeX Font Info:    ... okay on input line 29.
LaTeX Font Info:    Checking defaults for OMX/cmex/m/n on input line 29.
LaTeX Font Info:    ... okay on input line 29.
LaTeX Font Info:    Checking defaults for U/cmr/m/n on input line 29.
LaTeX Font Info:    ... okay on input line 29.
--- file ISDSA1Solsupdate.css ---
 [1

]
LaTeX Font Info:    Trying to load font information for U+msa on input line 79.


(C:\Users\richa\AppData\Local\Programs\MiKTeX\tex/latex/amsfonts\umsa.fd
File: umsa.fd 2013/01/14 v3.01 AMS symbols A
)
LaTeX Font Info:    Trying to load font information for U+msb on input line 79.


(C:\Users\richa\AppData\Local\Programs\MiKTeX\tex/latex/amsfonts\umsb.fd
File: umsb.fd 2013/01/14 v3.01 AMS symbols B
)
[2]
l. 91 Writing ISDSA1Solsupdate.idv[1] (ISDSA1Solsupdate0x.png)
l. 92 Writing ISDSA1Solsupdate.idv[2] (ISDSA1Solsupdate1x.png)
l. 93 Writing ISDSA1Solsupdate.idv[3] (ISDSA1Solsupdate2x.png)
l. 94 Writing ISDSA1Solsupdate.idv[4] (ISDSA1Solsupdate3x.png)
l. 97 Writing ISDSA1Solsupdate.idv[5] (ISDSA1Solsupdate4x.png)
 [3]
l. 100 Writing ISDSA1Solsupdate.idv[6] (ISDSA1Solsupdate5x.png)
 [4]
l. 123 Writing ISDSA1Solsupdate.idv[7] (ISDSA1Solsupdate6x.png)
l. 134 Writing ISDSA1Solsupdate.idv[8] (ISDSA1Solsupdate7x.png)
 [5]
l.159 --- TeX4ht warning --- File `"ISDSA1p1.xbb"' not found ---
l.159 --- TeX4ht warning --- Cannot determine size of graphic in "ISDSA1p1.xbb"
 (no BoundingBox) ---
l. 159 --- needs --- ISDSA1p1.jpg ---
[6]
l. 179 Writing ISDSA1Solsupdate.idv[9] (ISDSA1Solsupdate8x.png)
l. 189 Writing ISDSA1Solsupdate.idv[10] (ISDSA1Solsupdate9x.png)
 [7]
l. 208 Writing ISDSA1Solsupdate.idv[11] (ISDSA1Solsupdate10x.png)
 [8]
l. 224 Writing ISDSA1Solsupdate.idv[12] (ISDSA1Solsupdate11x.png)
 [9]
l. 249 Writing ISDSA1Solsupdate.idv[13] (ISDSA1Solsupdate12x.png)
l. 263 Writing ISDSA1Solsupdate.idv[14] (ISDSA1Solsupdate13x.png)
 [10]
l. 277 Writing ISDSA1Solsupdate.idv[15] (ISDSA1Solsupdate14x.png)
 [11] (ISDSA1Solsupdate.aux)
 ***********
LaTeX2e <2023-06-01> patch level 1
L3 programming layer <2023-06-30>
 ***********
 ) 
Here is how much of TeX's memory you used:
 7345 strings out of 475552
 98199 string characters out of 5762579
 1925235 words of memory out of 5000000
 28369 multiletter control sequences out of 15000+600000
 575619 words of font info for 104 fonts, out of 8000000 for 9000
 1141 hyphenation exceptions out of 8191
 80i,16n,104p,966b,560s stack positions out of 10000i,1000n,20000p,200000b,200000s

Output written on ISDSA1Solsupdate.dvi (11 pages, 40340 bytes).
