This is pdfTeX, Version 3.141592653-2.6-1.40.25 (MiKTeX 23.5) (preloaded format=latex 2023.10.11)  6 NOV 2023 11:36
entering extended mode
 restricted \write18 enabled.
 %&-line parsing enabled.
**\makeatletter\def\HCode{\futurelet\HCode\HChar}\def\HChar{\ifx\HCode\def\HCod
e##1{\Link##1}\expandafter\HCode\else\expandafter\Link\fi}\def\Link#1.a.b.c.{\A
ddToHook{class/before}{\RequirePackage[#1,html]{tex4ht}}\let\HCode\documentstyl
e\def\documentstyle{\let\documentstyle\HCode\expandafter\def\csname tex4ht\endc
sname{#1,html}\def\HCode####1{\documentstyle[tex4ht,}\@ifnextchar[{\HCode}{\doc
umentstyle[tex4ht]}}}\makeatother\HCode xhtml,mathml,charset=utf-8,html5.a.b.c.
\input \detokenize{Weeks1to4.tex} > nul 2>&1
(Weeks1to4.tex (C:\Users\richa\AppData\Local\Programs\MiKTeX\tex/generic/tex4ht
\tex4ht.sty
version 2021-09-14-14:11
Package: tex4ht 
--------------------------------------
--- Note --- for _ at preamble, use the command line option `early_'
--------------------------------------
--------------------------------------
--- Note --- for ^ at preamble, use the command line option `early^'
--------------------------------------
\tmp:toks=\toks17
) (C:\Users\richa\AppData\Local\Programs\MiKTeX\tex/latex/base\article.cls
Document Class: article 2023/05/17 v1.4n Standard LaTeX document class
(C:\Users\richa\AppData\Local\Programs\MiKTeX\tex/latex/base\size10.clo
File: size10.clo 2023/05/17 v1.4n Standard LaTeX file (size option)
)
\c@part=\count185
\c@section=\count186
\c@subsection=\count187
\c@subsubsection=\count188
\c@paragraph=\count189
\c@subparagraph=\count190
\c@figure=\count191
\c@table=\count192
\abovecaptionskip=\skip48
\belowcaptionskip=\skip49
\bibindent=\dimen140
)
(C:\Users\richa\AppData\Local\Programs\MiKTeX\tex/generic/tex4ht\usepackage.4ht
version 2022-02-19-13:30
) (C:\Users\richa\AppData\Local\Programs\MiKTeX\tex/latex/amsmath\amsmath.sty
Package: amsmath 2023/05/13 v2.17o AMS math features
\@mathmargin=\skip50
For additional information on amsmath, use the `?' option.
(C:\Users\richa\AppData\Local\Programs\MiKTeX\tex/latex/amsmath\amstext.sty
Package: amstext 2021/08/26 v2.01 AMS text
(C:\Users\richa\AppData\Local\Programs\MiKTeX\tex/latex/amsmath\amsgen.sty
File: amsgen.sty 1999/11/30 v2.0 generic functions
\@emptytoks=\toks18
\ex@=\dimen141
)) (C:\Users\richa\AppData\Local\Programs\MiKTeX\tex/latex/amsmath\amsbsy.sty
Package: amsbsy 1999/11/29 v1.2d Bold Symbols
\pmbraise@=\dimen142
) (C:\Users\richa\AppData\Local\Programs\MiKTeX\tex/latex/amsmath\amsopn.sty
Package: amsopn 2022/04/08 v2.04 operator names
)
\inf@bad=\count193
LaTeX Info: Redefining \frac on input line 234.
\uproot@=\count194
\leftroot@=\count195
LaTeX Info: Redefining \overline on input line 399.
LaTeX Info: Redefining \colon on input line 410.
\classnum@=\count196
\DOTSCASE@=\count197
LaTeX Info: Redefining \ldots on input line 496.
LaTeX Info: Redefining \dots on input line 499.
LaTeX Info: Redefining \cdots on input line 620.
\Mathstrutbox@=\box51
\strutbox@=\box52
LaTeX Info: Redefining \big on input line 722.
LaTeX Info: Redefining \Big on input line 723.
LaTeX Info: Redefining \bigg on input line 724.
LaTeX Info: Redefining \Bigg on input line 725.
\big@size=\dimen143
LaTeX Font Info:    Redeclaring font encoding OML on input line 743.
LaTeX Font Info:    Redeclaring font encoding OMS on input line 744.
\macc@depth=\count198
LaTeX Info: Redefining \bmod on input line 905.
LaTeX Info: Redefining \pmod on input line 910.
LaTeX Info: Redefining \smash on input line 940.
LaTeX Info: Redefining \relbar on input line 970.
LaTeX Info: Redefining \Relbar on input line 971.
\c@MaxMatrixCols=\count199
\dotsspace@=\muskip16
\c@parentequation=\count266
\dspbrk@lvl=\count267
\tag@help=\toks19
\row@=\count268
\column@=\count269
\maxfields@=\count270
\andhelp@=\toks20
\eqnshift@=\dimen144
\alignsep@=\dimen145
\tagshift@=\dimen146
\tagwidth@=\dimen147
\totwidth@=\dimen148
\lineht@=\dimen149
\@envbody=\toks21
\multlinegap=\skip51
\multlinetaggap=\skip52
\mathdisplay@stack=\toks22
LaTeX Info: Redefining \[ on input line 2953.
LaTeX Info: Redefining \] on input line 2954.
) (C:\Users\richa\AppData\Local\Programs\MiKTeX\tex/latex/amsfonts\amssymb.sty
Package: amssymb 2013/01/14 v3.01 AMS font symbols
(C:\Users\richa\AppData\Local\Programs\MiKTeX\tex/latex/amsfonts\amsfonts.sty
Package: amsfonts 2013/01/14 v3.01 Basic AMSFonts support
\symAMSa=\mathgroup4
\symAMSb=\mathgroup5
LaTeX Font Info:    Redeclaring math symbol \hbar on input line 98.
LaTeX Font Info:    Overwriting math alphabet `\mathfrak' in version `bold'
(Font)                  U/euf/m/n --> U/euf/b/n on input line 106.
)) (C:\Users\richa\AppData\Local\Programs\MiKTeX\tex/latex/lm\lmodern.sty
Package: lmodern 2015/05/01 v1.6.1 Latin Modern Fonts
LaTeX Font Info:    Overwriting symbol font `operators' in version `normal'
(Font)                  OT1/cmr/m/n --> OT1/lmr/m/n on input line 22.
LaTeX Font Info:    Overwriting symbol font `letters' in version `normal'
(Font)                  OML/cmm/m/it --> OML/lmm/m/it on input line 23.
LaTeX Font Info:    Overwriting symbol font `symbols' in version `normal'
(Font)                  OMS/cmsy/m/n --> OMS/lmsy/m/n on input line 24.
LaTeX Font Info:    Overwriting symbol font `largesymbols' in version `normal'
(Font)                  OMX/cmex/m/n --> OMX/lmex/m/n on input line 25.
LaTeX Font Info:    Overwriting symbol font `operators' in version `bold'
(Font)                  OT1/cmr/bx/n --> OT1/lmr/bx/n on input line 26.
LaTeX Font Info:    Overwriting symbol font `letters' in version `bold'
(Font)                  OML/cmm/b/it --> OML/lmm/b/it on input line 27.
LaTeX Font Info:    Overwriting symbol font `symbols' in version `bold'
(Font)                  OMS/cmsy/b/n --> OMS/lmsy/b/n on input line 28.
LaTeX Font Info:    Overwriting symbol font `largesymbols' in version `bold'
(Font)                  OMX/cmex/m/n --> OMX/lmex/m/n on input line 29.
LaTeX Font Info:    Overwriting math alphabet `\mathbf' in version `normal'
(Font)                  OT1/cmr/bx/n --> OT1/lmr/bx/n on input line 31.
LaTeX Font Info:    Overwriting math alphabet `\mathsf' in version `normal'
(Font)                  OT1/cmss/m/n --> OT1/lmss/m/n on input line 32.
LaTeX Font Info:    Overwriting math alphabet `\mathit' in version `normal'
(Font)                  OT1/cmr/m/it --> OT1/lmr/m/it on input line 33.
LaTeX Font Info:    Overwriting math alphabet `\mathtt' in version `normal'
(Font)                  OT1/cmtt/m/n --> OT1/lmtt/m/n on input line 34.
LaTeX Font Info:    Overwriting math alphabet `\mathbf' in version `bold'
(Font)                  OT1/cmr/bx/n --> OT1/lmr/bx/n on input line 35.
LaTeX Font Info:    Overwriting math alphabet `\mathsf' in version `bold'
(Font)                  OT1/cmss/bx/n --> OT1/lmss/bx/n on input line 36.
LaTeX Font Info:    Overwriting math alphabet `\mathit' in version `bold'
(Font)                  OT1/cmr/bx/it --> OT1/lmr/bx/it on input line 37.
LaTeX Font Info:    Overwriting math alphabet `\mathtt' in version `bold'
(Font)                  OT1/cmtt/m/n --> OT1/lmtt/m/n on input line 38.
) (C:\Users\richa\AppData\Local\Programs\MiKTeX\tex/generic/iftex\iftex.sty
Package: iftex 2022/02/03 v1.0f TeX engine tests
) (C:\Users\richa\AppData\Local\Programs\MiKTeX\tex/latex/base\fontenc.sty
Package: fontenc 2021/04/29 v2.0v Standard LaTeX package
LaTeX Font Info:    Trying to load font information for T1+lmr on input line 11
2.
(C:\Users\richa\AppData\Local\Programs\MiKTeX\tex/latex/lm\t1lmr.fd
File: t1lmr.fd 2015/05/01 v1.6.1 Font defs for Latin Modern
)) (C:\Users\richa\AppData\Local\Programs\MiKTeX\tex/latex/base\inputenc.sty
Package: inputenc 2021/02/14 v1.3d Input encoding file
\inpenc@prehook=\toks23
\inpenc@posthook=\toks24
) (C:\Users\richa\AppData\Local\Programs\MiKTeX\tex/latex/base\textcomp.sty
Package: textcomp 2020/02/02 v2.0n Standard LaTeX package
) (C:\Users\richa\AppData\Local\Programs\MiKTeX\tex/latex/upquote\upquote.sty
Package: upquote 2012/04/19 v1.3 upright-quote and grave-accent glyphs in verba
tim
)
(C:\Users\richa\AppData\Local\Programs\MiKTeX\tex/latex/microtype\microtype.sty
Package: microtype 2023/03/13 v3.1a Micro-typographical refinements (RS)
(C:\Users\richa\AppData\Local\Programs\MiKTeX\tex/latex/graphics\keyval.sty
Package: keyval 2022/05/29 v1.15 key=value parser (DPC)
\KV@toks@=\toks25
) (C:\Users\richa\AppData\Local\Programs\MiKTeX\tex/latex/etoolbox\etoolbox.sty
Package: etoolbox 2020/10/05 v2.5k e-TeX tools for LaTeX (JAW)
\etb@tempcnta=\count271
)
\MT@toks=\toks26
\MT@tempbox=\box53
\MT@count=\count272
LaTeX Info: Redefining \noprotrusionifhmode on input line 1059.
LaTeX Info: Redefining \leftprotrusion on input line 1060.
\MT@prot@toks=\toks27
LaTeX Info: Redefining \rightprotrusion on input line 1078.
LaTeX Info: Redefining \textls on input line 1368.
\MT@outer@kern=\dimen150
LaTeX Info: Redefining \textmicrotypecontext on input line 1988.
\MT@listname@count=\count273

(C:\Users\richa\AppData\Local\Programs\MiKTeX\tex/latex/microtype\microtype-pdf
tex.def
File: microtype-pdftex.def 2023/03/13 v3.1a Definitions specific to pdftex (RS)

LaTeX Info: Redefining \lsstyle on input line 902.
LaTeX Info: Redefining \lslig on input line 902.
\MT@outer@space=\skip53
)
Package microtype Info: Loading configuration file microtype.cfg.

(C:\Users\richa\AppData\Local\Programs\MiKTeX\tex/latex/microtype\microtype.cfg
File: microtype.cfg 2023/03/13 v3.1a microtype main configuration file (RS)
)) (C:\Users\richa\AppData\Local\Programs\MiKTeX\tex/latex/parskip\parskip.sty
Package: parskip 2021-03-14 v2.0h non-zero parskip adjustments

(C:\Users\richa\AppData\Local\Programs\MiKTeX\tex/latex/kvoptions\kvoptions.sty
Package: kvoptions 2022-06-15 v3.15 Key value format for package options (HO)
(C:\Users\richa\AppData\Local\Programs\MiKTeX\tex/generic/ltxcmds\ltxcmds.sty
Package: ltxcmds 2020-05-10 v1.25 LaTeX kernel commands for general use (HO)
)
(C:\Users\richa\AppData\Local\Programs\MiKTeX\tex/latex/kvsetkeys\kvsetkeys.sty
Package: kvsetkeys 2022-10-05 v1.19 Key value parser (HO)
)))
(C:\Users\richa\AppData\Local\Programs\MiKTeX\tex/generic/tex4ht\xcolor-hooks.4
ht
version 2020-10-17-13:53
) (C:\Users\richa\AppData\Local\Programs\MiKTeX\tex/latex/xcolor\xcolor.sty
Package: xcolor 2022/06/12 v2.14 LaTeX color extensions (UK)
(C:\Users\richa\AppData\Local\Programs\MiKTeX\tex/latex/graphics-cfg\color.cfg
File: color.cfg 2016/01/02 v1.6 sample color configuration
)
Package xcolor Info: Driver file: dvips.def on input line 227.
(C:\Users\richa\AppData\Local\Programs\MiKTeX\tex/latex/graphics-def\dvips.def
File: dvips.def 2022/09/22 v3.1e Graphics/color driver for dvips
) (C:\Users\richa\AppData\Local\Programs\MiKTeX\tex/latex/graphics\mathcolor.lt
x)
Package xcolor Info: Model `cmy' substituted by `cmy0' on input line 1353.
Package xcolor Info: Model `RGB' extended on input line 1369.
Package xcolor Info: Model `HTML' substituted by `rgb' on input line 1371.
Package xcolor Info: Model `Hsb' substituted by `hsb' on input line 1372.
Package xcolor Info: Model `tHsb' substituted by `hsb' on input line 1373.
Package xcolor Info: Model `HSB' substituted by `hsb' on input line 1374.
Package xcolor Info: Model `Gray' substituted by `gray' on input line 1375.
Package xcolor Info: Model `wave' substituted by `hsb' on input line 1376.
) (C:\Users\richa\AppData\Local\Programs\MiKTeX\tex/latex/geometry\geometry.sty
Package: geometry 2020/01/02 v5.9 Page Geometry
(C:\Users\richa\AppData\Local\Programs\MiKTeX\tex/generic/iftex\ifvtex.sty
Package: ifvtex 2019/10/25 v1.7 ifvtex legacy package. Use iftex instead.
)
\Gm@cnth=\count274
\Gm@cntv=\count275
\c@Gm@tempcnt=\count276
\Gm@bindingoffset=\dimen151
\Gm@wd@mp=\dimen152
\Gm@odd@mp=\dimen153
\Gm@even@mp=\dimen154
\Gm@layoutwidth=\dimen155
\Gm@layoutheight=\dimen156
\Gm@layouthoffset=\dimen157
\Gm@layoutvoffset=\dimen158
\Gm@dimlist=\toks28
(C:\Users\richa\AppData\Local\Programs\MiKTeX\tex/latex/geometry\geometry.cfg))
(C:\Users\richa\AppData\Local\Programs\MiKTeX\tex/latex/fancyvrb\fancyvrb.sty
Package: fancyvrb 2023/01/19 4.5a verbatim text (tvz,hv)
\FV@CodeLineNo=\count277
\FV@InFile=\read2
\FV@TabBox=\box54
\c@FancyVerbLine=\count278
\FV@StepNumber=\count279
\FV@OutFile=\write3
) (C:\Users\richa\AppData\Local\Programs\MiKTeX\tex/latex/framed\framed.sty
Package: framed 2011/10/22 v 0.96: framed or shaded text with page breaks
\OuterFrameSep=\skip54
\fb@frw=\dimen159
\fb@frh=\dimen160
\FrameRule=\dimen161
\FrameSep=\dimen162
) (C:\Users\richa\AppData\Local\Programs\MiKTeX\tex/latex/tools\longtable.sty
Package: longtable 2021-09-01 v4.17 Multi-page Table package (DPC)
\LTleft=\skip55
\LTright=\skip56
\LTpre=\skip57
\LTpost=\skip58
\LTchunksize=\count280
\LTcapwidth=\dimen163
\LT@head=\box55
\LT@firsthead=\box56
\LT@foot=\box57
\LT@lastfoot=\box58
\LT@gbox=\box59
\LT@cols=\count281
\LT@rows=\count282
\c@LT@tables=\count283
\c@LT@chunks=\count284
\LT@p@ftn=\toks29
) (C:\Users\richa\AppData\Local\Programs\MiKTeX\tex/latex/booktabs\booktabs.sty
Package: booktabs 2020/01/12 v1.61803398 Publication quality tables
\heavyrulewidth=\dimen164
\lightrulewidth=\dimen165
\cmidrulewidth=\dimen166
\belowrulesep=\dimen167
\belowbottomsep=\dimen168
\aboverulesep=\dimen169
\abovetopsep=\dimen170
\cmidrulesep=\dimen171
\cmidrulekern=\dimen172
\defaultaddspace=\dimen173
\@cmidla=\count285
\@cmidlb=\count286
\@aboverulesep=\dimen174
\@belowrulesep=\dimen175
\@thisruleclass=\count287
\@lastruleclass=\count288
\@thisrulewidth=\dimen176
) (C:\Users\richa\AppData\Local\Programs\MiKTeX\tex/latex/tools\array.sty
Package: array 2022/09/04 v2.5g Tabular extension package (FMi)
\col@sep=\dimen177
\ar@mcellbox=\box60
\extrarowheight=\dimen178
\NC@list=\toks30
\extratabsurround=\skip59
\backup@length=\skip60
\ar@cellbox=\box61
) (C:\Users\richa\AppData\Local\Programs\MiKTeX\tex/latex/tools\calc.sty
Package: calc 2017/05/25 v4.3 Infix arithmetic (KKT,FJ)
\calc@Acount=\count289
\calc@Bcount=\count290
\calc@Adimen=\dimen179
\calc@Bdimen=\dimen180
\calc@Askip=\skip61
\calc@Bskip=\skip62
LaTeX Info: Redefining \setlength on input line 80.
LaTeX Info: Redefining \addtolength on input line 81.
\calc@Ccount=\count291
\calc@Cskip=\skip63
)
(C:\Users\richa\AppData\Local\Programs\MiKTeX\tex/latex/footnotehyper\footnoteh
yper.sty
Package: footnotehyper 2021/08/13 v1.1e hyperref aware footnote.sty (JFB)
\FNH@notes=\box62
\FNH@width=\dimen181
\FNH@toks=\toks31
) (C:\Users\richa\AppData\Local\Programs\MiKTeX\tex/latex/graphics\graphicx.sty
Package: graphicx 2021/09/16 v1.2d Enhanced LaTeX Graphics (DPC,SPQR)

(C:\Users\richa\AppData\Local\Programs\MiKTeX\tex/generic/tex4ht\graphics-hooks
.4ht
version 2020-10-17-13:53
) (C:\Users\richa\AppData\Local\Programs\MiKTeX\tex/latex/graphics\graphics.sty
Package: graphics 2022/03/10 v1.4e Standard LaTeX Graphics (DPC,SPQR)
(C:\Users\richa\AppData\Local\Programs\MiKTeX\tex/latex/graphics\trig.sty
Package: trig 2021/08/11 v1.11 sin cos tan (DPC)
)
(C:\Users\richa\AppData\Local\Programs\MiKTeX\tex/latex/graphics-cfg\graphics.c
fg
File: graphics.cfg 2016/06/04 v1.11 sample graphics configuration
)
Package graphics Info: Driver file: dvips.def on input line 107.
)
\Gin@req@height=\dimen182
\Gin@req@width=\dimen183
) (C:\Users\richa\AppData\Local\Programs\MiKTeX\tex/latex/subfig\subfig.sty
Package: subfig 2005/06/28 ver: 1.3 subfig package

(C:\Users\richa\AppData\Local\Programs\MiKTeX\tex/generic/tex4ht\caption-hooks.
4ht
version 2021-05-16-09:21
) (C:\Users\richa\AppData\Local\Programs\MiKTeX\tex/latex/caption\caption.sty
Package: caption 2023/03/12 v3.6j Customizing captions (AR)
(C:\Users\richa\AppData\Local\Programs\MiKTeX\tex/latex/caption\caption3.sty
Package: caption3 2023/03/12 v2.4 caption3 kernel (AR)
\caption@tempdima=\dimen184
\captionmargin=\dimen185
\caption@leftmargin=\dimen186
\caption@rightmargin=\dimen187
\caption@width=\dimen188
\caption@indent=\dimen189
\caption@parindent=\dimen190
\caption@hangindent=\dimen191
Package caption Info: Standard document class detected.
)
\c@caption@flags=\count292
\c@continuedfloat=\count293
Package caption Info: longtable package is loaded.
(C:\Users\richa\AppData\Local\Programs\MiKTeX\tex/latex/caption\ltcaption.sty
Package: ltcaption 2021/01/08 v1.4c longtable captions (AR)
))
\c@KVtest=\count294
\sf@farskip=\skip64
\sf@captopadj=\dimen192
\sf@capskip=\skip65
\sf@nearskip=\skip66
\c@subfigure=\count295
\c@subfigure@save=\count296
\c@lofdepth=\count297
\c@subtable=\count298
\c@subtable@save=\count299
\c@lotdepth=\count300
\sf@top=\skip67
\sf@bottom=\skip68
)
(C:\Users\richa\AppData\Local\Programs\MiKTeX\tex/generic/tex4ht\xcolor-hooks.4
ht
version 2020-10-17-13:53
) (C:\Users\richa\AppData\Local\Programs\MiKTeX\tex/latex/natbib\natbib.sty
Package: natbib 2010/09/13 8.31b (PWD, AO)
\bibhang=\skip69
\bibsep=\skip70
LaTeX Info: Redefining \cite on input line 694.
\c@NAT@ctr=\count301
) (C:\Users\richa\AppData\Local\Programs\MiKTeX\tex/latex/bookmark\bookmark.sty
Package: bookmark 2020-11-06 v1.29 PDF bookmarks (HO)

(C:\Users\richa\AppData\Local\Programs\MiKTeX\tex/generic/tex4ht\hyperref-hooks
.4ht
version 2022-02-22-13:25
) (C:\Users\richa\AppData\Local\Programs\MiKTeX\tex/latex/hyperref\hyperref.sty
Package: hyperref 2023-07-08 v7.01b Hypertext links for LaTeX

(C:\Users\richa\AppData\Local\Programs\MiKTeX\tex/generic/pdftexcmds\pdftexcmds
.sty
Package: pdftexcmds 2020-06-27 v0.33 Utility functions of pdfTeX for LuaTeX (HO
)

(C:\Users\richa\AppData\Local\Programs\MiKTeX\tex/generic/infwarerr\infwarerr.s
ty
Package: infwarerr 2019/12/03 v1.5 Providing info/warning/error messages (HO)
)
Package pdftexcmds Info: \pdf@primitive is available.
Package pdftexcmds Info: \pdf@ifprimitive is available.
Package pdftexcmds Info: \pdfdraftmode is ignored in DVI mode.
)
(C:\Users\richa\AppData\Local\Programs\MiKTeX\tex/generic/kvdefinekeys\kvdefine
keys.sty
Package: kvdefinekeys 2019-12-19 v1.6 Define keys (HO)
)
(C:\Users\richa\AppData\Local\Programs\MiKTeX\tex/generic/pdfescape\pdfescape.s
ty
Package: pdfescape 2019/12/09 v1.15 Implements pdfTeX's escape features (HO)
) (C:\Users\richa\AppData\Local\Programs\MiKTeX\tex/latex/hycolor\hycolor.sty
Package: hycolor 2020-01-27 v1.10 Color options for hyperref/bookmark (HO)
)
(C:\Users\richa\AppData\Local\Programs\MiKTeX\tex/latex/letltxmacro\letltxmacro
.sty
Package: letltxmacro 2019/12/03 v1.6 Let assignment for LaTeX macros (HO)
) (C:\Users\richa\AppData\Local\Programs\MiKTeX\tex/latex/auxhook\auxhook.sty
Package: auxhook 2019-12-17 v1.6 Hooks for auxiliary files (HO)

Package auxhook Warning: Cannot patch \document,
(auxhook)                using \AtBeginDocument instead.

) (C:\Users\richa\AppData\Local\Programs\MiKTeX\tex/latex/hyperref\nameref.sty
Package: nameref 2023-08-07 v2.53 Cross-referencing by name of section
(C:\Users\richa\AppData\Local\Programs\MiKTeX\tex/latex/refcount\refcount.sty
Package: refcount 2019/12/15 v3.6 Data extraction from label references (HO)
)
(C:\Users\richa\AppData\Local\Programs\MiKTeX\tex/generic/gettitlestring\gettit
lestring.sty
Package: gettitlestring 2019/12/15 v1.6 Cleanup title references (HO)
)
\c@section@level=\count302
)
\@linkdim=\dimen193
\Hy@linkcounter=\count303
\Hy@pagecounter=\count304
(C:\Users\richa\AppData\Local\Programs\MiKTeX\tex/latex/hyperref\pd1enc.def
File: pd1enc.def 2023-07-08 v7.01b Hyperref: PDFDocEncoding definition (HO)
Now handling font encoding PD1 ...
... no UTF-8 mapping file for font encoding PD1
) (C:\Users\richa\AppData\Local\Programs\MiKTeX\tex/generic/intcalc\intcalc.sty
Package: intcalc 2019/12/15 v1.3 Expandable calculations with integers (HO)
)
\Hy@SavedSpaceFactor=\count305
(C:\Users\richa\AppData\Local\Programs\MiKTeX\tex/latex/hyperref\puenc.def
File: puenc.def 2023-07-08 v7.01b Hyperref: PDF Unicode definition (HO)
Now handling font encoding PU ...
... no UTF-8 mapping file for font encoding PU
)
Package hyperref Info: Option `colorlinks' set `true' on input line 4050.
Package hyperref Info: Hyper figures OFF on input line 4167.
Package hyperref Info: Link nesting OFF on input line 4172.
Package hyperref Info: Hyper index ON on input line 4175.
Package hyperref Info: Plain pages OFF on input line 4182.
Package hyperref Info: Backreferencing OFF on input line 4187.
Package hyperref Info: Implicit mode ON; LaTeX internals redefined.
Package hyperref Info: Bookmarks ON on input line 4434.
\c@Hy@tempcnt=\count306
(C:\Users\richa\AppData\Local\Programs\MiKTeX\tex/latex/url\url.sty
\Urlmuskip=\muskip17
Package: url 2013/09/16  ver 3.4  Verb mode for urls, etc.
)
LaTeX Info: Redefining \url on input line 4772.
\XeTeXLinkMargin=\dimen194
(C:\Users\richa\AppData\Local\Programs\MiKTeX\tex/generic/bitset\bitset.sty
Package: bitset 2019/12/09 v1.3 Handle bit-vector datatype (HO)

(C:\Users\richa\AppData\Local\Programs\MiKTeX\tex/generic/bigintcalc\bigintcalc
.sty
Package: bigintcalc 2019/12/15 v1.5 Expandable calculations on big integers (HO
)
))
\Fld@menulength=\count307
\Field@Width=\dimen195
\Fld@charsize=\dimen196
\Field@toks=\toks32
Package hyperref Info: Hyper figures OFF on input line 6051.
Package hyperref Info: Link nesting OFF on input line 6056.
Package hyperref Info: Hyper index ON on input line 6059.
Package hyperref Info: backreferencing OFF on input line 6066.
Package hyperref Info: Link coloring ON on input line 6069.
Package hyperref Info: Link coloring with OCG OFF on input line 6076.
Package hyperref Info: PDF/A mode OFF on input line 6081.
(C:\Users\richa\AppData\Local\Programs\MiKTeX\tex/latex/base\atbegshi-ltx.sty
Package: atbegshi-ltx 2021/01/10 v1.0c Emulation of the original atbegshi
package with kernel methods
)
\Hy@abspage=\count308

Package hyperref Message: Stopped early.

)
Package hyperref Info: Driver: htex4ht.
(C:\Users\richa\AppData\Local\Programs\MiKTeX\tex/latex/hyperref\htex4ht.def
File: htex4ht.def 2023-07-08 v7.01b Hyperref driver for TeX4ht
Package hyperref Info: tex4ht is already loaded.
) (C:\Users\richa\AppData\Local\Programs\MiKTeX\tex/latex/bookmark\bkm-dvips.de
f
File: bkm-dvips.def 2020-11-06 v1.29 bookmark driver for dvips (HO)
\BKM@id=\count309
)) (C:\Users\richa\AppData\Local\Programs\MiKTeX\tex/latex/xurl\xurl.sty
Package: xurl 2022/01/09 v 0.10 modify URL breaks
) (C:\Users\richa\AppData\Local\Programs\MiKTeX\tex/generic/tex4ht\tex4ht.4ht
version 2021-06-20-15:33
--------------------------------------
--- Note --- for additional information, use the command line option `info'
--------------------------------------
::::::::::::::::::::::::::::::::::::::::::
 TeX4ht info is available in the log file 
::::::::::::::::::::::::::::::::::::::::::
) (C:\Users\richa\AppData\Local\Programs\MiKTeX\tex/generic/tex4ht\tex4ht.sty
version 2021-09-14-14:11
l.855 --- TeX4ht warning --- nonprimitive \everypar ---
--- needs --- tex4ht Weeks1to4 ---
\tmp:cnt=\count310
\openout15 = `Weeks1to4.tmp'.

(Weeks1to4.tmp)
\tmp:dim=\skip71
(Weeks1to4.xref)
\:refout=\write4
\openout4 = `Weeks1to4.xref'.

(C:\Users\richa\AppData\Local\Programs\MiKTeX\tex/generic/tex4ht\html4.4ht
version 2022-03-08-13:51
--------------------------------------
--- Note --- to remove the <?xml version=...?> processing instruction use the c
ommand line option `no-VERSION'
--------------------------------------
--------------------------------------
--- Note --- to remove the DOCTYPE declaration use the command line option `no-
DOCTYPE'
--------------------------------------
) (C:\Users\richa\AppData\Local\Programs\MiKTeX\tex/generic/tex4ht\unicode.4ht
version 2021-06-19-14:11
) (C:\Users\richa\AppData\Local\Programs\MiKTeX\tex/generic/tex4ht\mathml.4ht
version 2021-11-30-15:01
) (C:\Users\richa\AppData\Local\Programs\MiKTeX\tex/generic/tex4ht\html-mml.4ht
version 2021-04-17-18:22
) (C:\Users\richa\AppData\Local\Programs\MiKTeX\tex/generic/tex4ht\html5.4ht
version 2022-01-23-07:51
)
--------------------------------------
--- Note --- for marking of the base font, use the command line option `fonts+'

--------------------------------------
--------------------------------------
--- Note --- for non active _, use the command line option `no_'
--------------------------------------
--------------------------------------
--- Note --- for _ of catcode 13, use the command line option `_13'
--------------------------------------
--------------------------------------
--- Note --- for non active ^, use the command line option `no^'
--------------------------------------
--------------------------------------
--- Note --- for ^ of catcode 13, use the command line option `^13'
--------------------------------------
(C:\Users\richa\AppData\Local\Programs\MiKTeX\tex/generic/tex4ht\html4.4ht
version 2022-03-08-13:51
--------------------------------------
--- Note --- to ignore CSS font decoration, use the `NoFonts' command line opti
on
--------------------------------------
--------------------------------------
--- Note --- for jpg bitmaps of pictures, use the `jpg' command line option. (C
haracter bitmaps are controled only by `g' records of tex4ht.env and `-g' switc
hes of tex4ht.c) 
--------------------------------------
--------------------------------------
--- Note --- for gif bitmaps of pictures, use the `gif' command line option. (C
haracter bitmaps are controled only by `g' records of tex4ht.env and `-g' switc
hes of tex4ht.c) 
--------------------------------------
--------------------------------------
--- Note --- for content and toc in 2 frames, use the command line option `fram
es'
--------------------------------------
--------------------------------------
--- Note --- for content, toc, and footnotes in 3 frames, use the command line 
option `frames-fn'
--------------------------------------
--------------------------------------
--- Note --- for file extension name xht, use the command line option `xht'
--------------------------------------
TeX4ht package options: xhtml,mathml,charset=utf-8,html5,html
--------------------------------------
--- Note --- To print a timestamp, use the command line option timestamp
--------------------------------------
--------------------------------------
--- Note --- to ignore CSS code, use the command line option `-css
--------------------------------------
--------------------------------------
--- Note --- for inline CSS code, use the command line option `css-in'
--------------------------------------
--------------------------------------
--- Note --- for pop ups on mouse over, use the command line option `mouseover'

--------------------------------------
--------------------------------------
--- Note --- for addressing images in a subdirectory, use the command line opti
on `imgdir:.../'
--------------------------------------
) (C:\Users\richa\AppData\Local\Programs\MiKTeX\tex/generic/tex4ht\unicode.4ht
version 2021-06-19-14:11
) (C:\Users\richa\AppData\Local\Programs\MiKTeX\tex/generic/tex4ht\mathml.4ht
version 2021-11-30-15:01
) (C:\Users\richa\AppData\Local\Programs\MiKTeX\tex/generic/tex4ht\html-mml.4ht
version 2021-04-17-18:22
) (C:\Users\richa\AppData\Local\Programs\MiKTeX\tex/generic/tex4ht\html5.4ht
version 2022-01-23-07:51
--------------------------------------
--- Note --- To print a timestamp, use the command line option timestamp
--------------------------------------
)
\:tokwrite=\toks33
\:tokpage=\toks34
--------------------------------------
--- Note --- for back links to toc, use the command line option `sections+'
--------------------------------------
--------------------------------------
--- Note --- for linear crosslinks of pages, use the command line option `next'

--------------------------------------
\openout15 = `Weeks1to4.4ct'.

\:tocout=\write5
\openout5 = `Weeks1to4.4tc'.

(C:\Users\richa\AppData\Local\Programs\MiKTeX\tex/generic/tex4ht\html4.4ht
version 2022-03-08-13:51
) (C:\Users\richa\AppData\Local\Programs\MiKTeX\tex/generic/tex4ht\unicode.4ht
version 2021-06-19-14:11
) (C:\Users\richa\AppData\Local\Programs\MiKTeX\tex/generic/tex4ht\mathml.4ht
version 2021-11-30-15:01
) (C:\Users\richa\AppData\Local\Programs\MiKTeX\tex/generic/tex4ht\html-mml.4ht
version 2021-04-17-18:22
) (C:\Users\richa\AppData\Local\Programs\MiKTeX\tex/generic/tex4ht\html5.4ht
version 2022-01-23-07:51
) (C:\Users\richa\AppData\Local\Programs\MiKTeX\tex/generic/tex4ht\latex.4ht
version 2022-02-01-14:27
LaTeX Info: Redefining \_ on input line 173.
LaTeX Info: Redefining \, on input line 792.
LaTeX Info: Redefining \; on input line 793.
LaTeX Info: Redefining \! on input line 794.
LaTeX Info: Redefining \: on input line 795.
LaTeX Info: Redefining \> on input line 796.
--------------------------------------
--- Note --- for links into captions, instead of float heads, use the command l
ine option `refcaption'
--------------------------------------
(C:\Users\richa\AppData\Local\Programs\MiKTeX\tex/generic/tex4ht\html4.4ht
version 2022-03-08-13:51
) (C:\Users\richa\AppData\Local\Programs\MiKTeX\tex/generic/tex4ht\unicode.4ht
version 2021-06-19-14:11
) (C:\Users\richa\AppData\Local\Programs\MiKTeX\tex/generic/tex4ht\mathml.4ht
version 2021-11-30-15:01
) (C:\Users\richa\AppData\Local\Programs\MiKTeX\tex/generic/tex4ht\html-mml.4ht
version 2021-04-17-18:22
) (C:\Users\richa\AppData\Local\Programs\MiKTeX\tex/generic/tex4ht\html5.4ht
version 2022-01-23-07:51
) (C:\Users\richa\AppData\Local\Programs\MiKTeX\tex/generic/tex4ht\html4.4ht
version 2022-03-08-13:51
--------------------------------------
--- Note --- For mini tocs immediately aftter the header use the command line o
ption `minitoc<'
--------------------------------------
--------------------------------------
--- Note --- for enumerated list elements with valued data, use the command lin
e option `enumerate+'
--------------------------------------
--------------------------------------
--- Note --- for enumerated list elements li's with value attributes, use the c
ommand line option `enumerate-'
--------------------------------------
--------------------------------------
--- Note --- for CSS2 code, use the command line option `css2'
--------------------------------------
--------------------------------------
--- Note --- for pictorial tabular, use the command line option `pic-tabular'
--------------------------------------
--------------------------------------
--- Note --- for bitmap fbox'es, use the command line option `pic-fbox'
--------------------------------------
--------------------------------------
--- Note --- for bitmap framebox'es, use the command line option `pic-framebox'

--------------------------------------
--------------------------------------
--- Note --- for inline footnotes use command line option `fn-in'
--------------------------------------
--------------------------------------
--- Note --- for tracing of latex font commands, use the command line option `f
onts'
--------------------------------------
--------------------------------------
--- Note --- for width specifications of tabular p entries, use the `p-width' c
ommand line option or a configuration similar to \Configure{HColWidth}{\HCode{ 
style="width:\HColWidth"}}
--------------------------------------
) (C:\Users\richa\AppData\Local\Programs\MiKTeX\tex/generic/tex4ht\unicode.4ht
version 2021-06-19-14:11
) (C:\Users\richa\AppData\Local\Programs\MiKTeX\tex/generic/tex4ht\mathml.4ht
version 2021-11-30-15:01
) (C:\Users\richa\AppData\Local\Programs\MiKTeX\tex/generic/tex4ht\html-mml.4ht
version 2021-04-17-18:22
) (C:\Users\richa\AppData\Local\Programs\MiKTeX\tex/generic/tex4ht\html5.4ht
version 2022-01-23-07:51
)) (C:\Users\richa\AppData\Local\Programs\MiKTeX\tex/generic/tex4ht\fontmath.4h
t
version 2018-11-06-15:55
(C:\Users\richa\AppData\Local\Programs\MiKTeX\tex/generic/tex4ht\html4.4ht
version 2022-03-08-13:51
) (C:\Users\richa\AppData\Local\Programs\MiKTeX\tex/generic/tex4ht\unicode.4ht
version 2021-06-19-14:11
) (C:\Users\richa\AppData\Local\Programs\MiKTeX\tex/generic/tex4ht\mathml.4ht
version 2021-11-30-15:01
\tmp:bx=\box63
[1

]
LaTeX Font Info:    Trying to load font information for OT1+lmr on input line 1
411.
(C:\Users\richa\AppData\Local\Programs\MiKTeX\tex/latex/lm\ot1lmr.fd
File: ot1lmr.fd 2015/05/01 v1.6.1 Font defs for Latin Modern
)
LaTeX Font Info:    Trying to load font information for OML+lmm on input line 1
411.
(C:\Users\richa\AppData\Local\Programs\MiKTeX\tex/latex/lm\omllmm.fd
File: omllmm.fd 2015/05/01 v1.6.1 Font defs for Latin Modern
)
LaTeX Font Info:    Trying to load font information for OMS+lmsy on input line 
1411.
(C:\Users\richa\AppData\Local\Programs\MiKTeX\tex/latex/lm\omslmsy.fd
File: omslmsy.fd 2015/05/01 v1.6.1 Font defs for Latin Modern
)
LaTeX Font Info:    Trying to load font information for OMX+lmex on input line 
1411.
(C:\Users\richa\AppData\Local\Programs\MiKTeX\tex/latex/lm\omxlmex.fd
File: omxlmex.fd 2015/05/01 v1.6.1 Font defs for Latin Modern
)
LaTeX Font Info:    External font `lmex10' loaded for size
(Font)              <10> on input line 1411.
LaTeX Font Info:    External font `lmex10' loaded for size
(Font)              <7> on input line 1411.
LaTeX Font Info:    External font `lmex10' loaded for size
(Font)              <5> on input line 1411.
LaTeX Font Info:    Trying to load font information for U+msa on input line 141
1.
(C:\Users\richa\AppData\Local\Programs\MiKTeX\tex/latex/amsfonts\umsa.fd
File: umsa.fd 2013/01/14 v3.01 AMS symbols A
)
LaTeX Font Info:    Trying to load font information for U+msb on input line 141
1.
(C:\Users\richa\AppData\Local\Programs\MiKTeX\tex/latex/amsfonts\umsb.fd
File: umsb.fd 2013/01/14 v3.01 AMS symbols B
) [2] [3] [4] [5] [6] [7] [8] [9] [10] [11] [12] [13] [14] [15] [16] [17] [18] 
[19] [20] [21] [22] [23] [24] [25] [26] [27] [28] [29] [30] [31] [32] [33] [34]
[35] [36] [37] [38] [39] [40] [41] [42] [43] [44] [45] [46] [47] [48] [49] [50]
[51] [52] [53]) (C:\Users\richa\AppData\Local\Programs\MiKTeX\tex/generic/tex4h
t\html-mml.4ht
version 2021-04-17-18:22
) (C:\Users\richa\AppData\Local\Programs\MiKTeX\tex/generic/tex4ht\html5.4ht
version 2022-01-23-07:51
)) (C:\Users\richa\AppData\Local\Programs\MiKTeX\tex/generic/tex4ht\article.4ht
version 2022-02-22-13:25
(C:\Users\richa\AppData\Local\Programs\MiKTeX\tex/generic/tex4ht\html4.4ht
version 2022-03-08-13:51
--------------------------------------
--- Note --- for automatic sectioning pagination, use the command line option `
1', `2', `3', '4', '5', '6', or '7'
--------------------------------------
--------------------------------------
--- Note --- for files named derived from section titles, use the command line 
option `sec-filename'
--------------------------------------
--------------------------------------
--- Note --- for i-columns index, use the command line option `index=i' (e.g., 
index=2)
--------------------------------------
) (C:\Users\richa\AppData\Local\Programs\MiKTeX\tex/generic/tex4ht\unicode.4ht
version 2021-06-19-14:11
) (C:\Users\richa\AppData\Local\Programs\MiKTeX\tex/generic/tex4ht\mathml.4ht
version 2021-11-30-15:01
) (C:\Users\richa\AppData\Local\Programs\MiKTeX\tex/generic/tex4ht\html-mml.4ht
version 2021-04-17-18:22
) (C:\Users\richa\AppData\Local\Programs\MiKTeX\tex/generic/tex4ht\html5.4ht
version 2022-01-23-07:51
)) (C:\Users\richa\AppData\Local\Programs\MiKTeX\tex/generic/tex4ht\amsmath.4ht
version 2019-12-29-14:17
\tmp:muskip=\muskip18
(C:\Users\richa\AppData\Local\Programs\MiKTeX\tex/generic/tex4ht\html4.4ht
version 2022-03-08-13:51
) (C:\Users\richa\AppData\Local\Programs\MiKTeX\tex/generic/tex4ht\unicode.4ht
version 2021-06-19-14:11
) (C:\Users\richa\AppData\Local\Programs\MiKTeX\tex/generic/tex4ht\mathml.4ht
version 2021-11-30-15:01
) (C:\Users\richa\AppData\Local\Programs\MiKTeX\tex/generic/tex4ht\html-mml.4ht
version 2021-04-17-18:22
) (C:\Users\richa\AppData\Local\Programs\MiKTeX\tex/generic/tex4ht\html5.4ht
version 2022-01-23-07:51
)) (C:\Users\richa\AppData\Local\Programs\MiKTeX\tex/generic/tex4ht\amstext.4ht
version 2009-05-21-09:32
(C:\Users\richa\AppData\Local\Programs\MiKTeX\tex/generic/tex4ht\html4.4ht
version 2022-03-08-13:51
) (C:\Users\richa\AppData\Local\Programs\MiKTeX\tex/generic/tex4ht\unicode.4ht
version 2021-06-19-14:11
) (C:\Users\richa\AppData\Local\Programs\MiKTeX\tex/generic/tex4ht\mathml.4ht
version 2021-11-30-15:01
) (C:\Users\richa\AppData\Local\Programs\MiKTeX\tex/generic/tex4ht\html-mml.4ht
version 2021-04-17-18:22
) (C:\Users\richa\AppData\Local\Programs\MiKTeX\tex/generic/tex4ht\html5.4ht
version 2022-01-23-07:51
)) (C:\Users\richa\AppData\Local\Programs\MiKTeX\tex/generic/tex4ht\amsbsy.4ht
version 2009-05-21-09:32
(C:\Users\richa\AppData\Local\Programs\MiKTeX\tex/generic/tex4ht\html4.4ht
version 2022-03-08-13:51
) (C:\Users\richa\AppData\Local\Programs\MiKTeX\tex/generic/tex4ht\unicode.4ht
version 2021-06-19-14:11
) (C:\Users\richa\AppData\Local\Programs\MiKTeX\tex/generic/tex4ht\mathml.4ht
version 2021-11-30-15:01
) (C:\Users\richa\AppData\Local\Programs\MiKTeX\tex/generic/tex4ht\html-mml.4ht
version 2021-04-17-18:22
) (C:\Users\richa\AppData\Local\Programs\MiKTeX\tex/generic/tex4ht\html5.4ht
version 2022-01-23-07:51
)) (C:\Users\richa\AppData\Local\Programs\MiKTeX\tex/generic/tex4ht\amsopn.4ht
version 2009-05-21-09:32
(C:\Users\richa\AppData\Local\Programs\MiKTeX\tex/generic/tex4ht\html4.4ht
version 2022-03-08-13:51
) (C:\Users\richa\AppData\Local\Programs\MiKTeX\tex/generic/tex4ht\unicode.4ht
version 2021-06-19-14:11
) (C:\Users\richa\AppData\Local\Programs\MiKTeX\tex/generic/tex4ht\mathml.4ht
version 2021-11-30-15:01
) (C:\Users\richa\AppData\Local\Programs\MiKTeX\tex/generic/tex4ht\html-mml.4ht
version 2021-04-17-18:22
) (C:\Users\richa\AppData\Local\Programs\MiKTeX\tex/generic/tex4ht\html5.4ht
version 2022-01-23-07:51
)) (C:\Users\richa\AppData\Local\Programs\MiKTeX\tex/generic/tex4ht\amssymb.4ht
version 2009-05-21-09:32
(C:\Users\richa\AppData\Local\Programs\MiKTeX\tex/generic/tex4ht\html4.4ht
version 2022-03-08-13:51
) (C:\Users\richa\AppData\Local\Programs\MiKTeX\tex/generic/tex4ht\unicode.4ht
version 2021-06-19-14:11
) (C:\Users\richa\AppData\Local\Programs\MiKTeX\tex/generic/tex4ht\mathml.4ht
version 2021-11-30-15:01
[54] [55] [56] [57] [58] [59] [60] [61] [62] [63] [64] [65] [66] [67] [68] [69]
[70] [71] [72] [73] [74] [75] [76] [77] [78] [79] [80] [81] [82] [83] [84] [85]
[86] [87] [88] [89] [90] [91] [92] [93] [94] [95] [96] [97] [98] [99] [100] [10
1] [102] [103] [104] [105] [106] [107] [108] [109] [110] [111] [112] [113] [114
] [115] [116] [117] [118] [119] [120] [121] [122] [123] [124] [125] [126] [127]
[128] [129] [130] [131] [132] [133] [134] [135] [136] [137] [138] [139] [140] [
141] [142] [143] [144] [145] [146] [147] [148] [149] [150] [151] [152] [153] [1
54] [155] [156] [157] [158] [159] [160] [161] [162] [163] [164] [165] [166] [16
7] [168] [169] [170] [171] [172] [173] [174] [175] [176] [177] [178] [179] [180
] [181] [182] [183] [184] [185] [186] [187] [188] [189] [190] [191] [192] [193]
[194] [195] [196] [197] [198] [199] [200] [201] [202] [203] [204] [205] [206] [
207] [208] [209] [210] [211] [212] [213] [214] [215] [216] [217] [218] [219] [2
20] [221] [222] [223] [224] [225] [226] [227] [228] [229] [230] [231] [232] [23
3] [234] [235] [236] [237] [238] [239] [240] [241] [242] [243] [244] [245] [246
] [247] [248] [249] [250] [251] [252] [253] [254] [255] [256] [257]) (C:\Users\
richa\AppData\Local\Programs\MiKTeX\tex/generic/tex4ht\html-mml.4ht
version 2021-04-17-18:22
) (C:\Users\richa\AppData\Local\Programs\MiKTeX\tex/generic/tex4ht\html5.4ht
version 2022-01-23-07:51
)) (C:\Users\richa\AppData\Local\Programs\MiKTeX\tex/generic/tex4ht\amsfonts.4h
t
version 2009-05-21-09:32
(C:\Users\richa\AppData\Local\Programs\MiKTeX\tex/generic/tex4ht\html4.4ht
version 2022-03-08-13:51
) (C:\Users\richa\AppData\Local\Programs\MiKTeX\tex/generic/tex4ht\unicode.4ht
version 2021-06-19-14:11
) (C:\Users\richa\AppData\Local\Programs\MiKTeX\tex/generic/tex4ht\mathml.4ht
version 2021-11-30-15:01
) (C:\Users\richa\AppData\Local\Programs\MiKTeX\tex/generic/tex4ht\html-mml.4ht
version 2021-04-17-18:22
) (C:\Users\richa\AppData\Local\Programs\MiKTeX\tex/generic/tex4ht\html5.4ht
version 2022-01-23-07:51
)) (C:\Users\richa\AppData\Local\Programs\MiKTeX\tex/generic/tex4ht\inputenc.4h
t
version 2009-05-21-09:32
(C:\Users\richa\AppData\Local\Programs\MiKTeX\tex/generic/tex4ht\html4.4ht
version 2022-03-08-13:51
) (C:\Users\richa\AppData\Local\Programs\MiKTeX\tex/generic/tex4ht\unicode.4ht
version 2021-06-19-14:11
) (C:\Users\richa\AppData\Local\Programs\MiKTeX\tex/generic/tex4ht\mathml.4ht
version 2021-11-30-15:01
) (C:\Users\richa\AppData\Local\Programs\MiKTeX\tex/generic/tex4ht\html-mml.4ht
version 2021-04-17-18:22
) (C:\Users\richa\AppData\Local\Programs\MiKTeX\tex/generic/tex4ht\html5.4ht
version 2022-01-23-07:51
)) (C:\Users\richa\AppData\Local\Programs\MiKTeX\tex/generic/tex4ht\microtype.4
ht
version 2009-05-21-09:32
(C:\Users\richa\AppData\Local\Programs\MiKTeX\tex/generic/tex4ht\html4.4ht
version 2022-03-08-13:51
) (C:\Users\richa\AppData\Local\Programs\MiKTeX\tex/generic/tex4ht\unicode.4ht
version 2021-06-19-14:11
) (C:\Users\richa\AppData\Local\Programs\MiKTeX\tex/generic/tex4ht\mathml.4ht
version 2021-11-30-15:01
) (C:\Users\richa\AppData\Local\Programs\MiKTeX\tex/generic/tex4ht\html-mml.4ht
version 2021-04-17-18:22
) (C:\Users\richa\AppData\Local\Programs\MiKTeX\tex/generic/tex4ht\html5.4ht
version 2022-01-23-07:51
)) (C:\Users\richa\AppData\Local\Programs\MiKTeX\tex/generic/tex4ht\xcolor.4ht
version 2019-04-09-10:06
(C:\Users\richa\AppData\Local\Programs\MiKTeX\tex/generic/tex4ht\color.4ht
version 2022-02-01-14:27
(C:\Users\richa\AppData\Local\Programs\MiKTeX\tex/generic/tex4ht\html4.4ht
version 2022-03-08-13:51
) (C:\Users\richa\AppData\Local\Programs\MiKTeX\tex/generic/tex4ht\unicode.4ht
version 2021-06-19-14:11
) (C:\Users\richa\AppData\Local\Programs\MiKTeX\tex/generic/tex4ht\mathml.4ht
version 2021-11-30-15:01
) (C:\Users\richa\AppData\Local\Programs\MiKTeX\tex/generic/tex4ht\html-mml.4ht
version 2021-04-17-18:22
) (C:\Users\richa\AppData\Local\Programs\MiKTeX\tex/generic/tex4ht\html5.4ht
version 2022-01-23-07:51
)) (C:\Users\richa\AppData\Local\Programs\MiKTeX\tex/generic/tex4ht\html4.4ht
version 2022-03-08-13:51
) (C:\Users\richa\AppData\Local\Programs\MiKTeX\tex/generic/tex4ht\unicode.4ht
version 2021-06-19-14:11
) (C:\Users\richa\AppData\Local\Programs\MiKTeX\tex/generic/tex4ht\mathml.4ht
version 2021-11-30-15:01
) (C:\Users\richa\AppData\Local\Programs\MiKTeX\tex/generic/tex4ht\html-mml.4ht
version 2021-04-17-18:22
) (C:\Users\richa\AppData\Local\Programs\MiKTeX\tex/generic/tex4ht\html5.4ht
version 2022-01-23-07:51
)) (C:\Users\richa\AppData\Local\Programs\MiKTeX\tex/generic/tex4ht\color.4ht
version 2022-02-01-14:27
) (C:\Users\richa\AppData\Local\Programs\MiKTeX\tex/generic/tex4ht\dvips.4ht
version 2009-05-21-09:32
(C:\Users\richa\AppData\Local\Programs\MiKTeX\tex/generic/tex4ht\html4.4ht
version 2022-03-08-13:51
) (C:\Users\richa\AppData\Local\Programs\MiKTeX\tex/generic/tex4ht\unicode.4ht
version 2021-06-19-14:11
) (C:\Users\richa\AppData\Local\Programs\MiKTeX\tex/generic/tex4ht\mathml.4ht
version 2021-11-30-15:01
) (C:\Users\richa\AppData\Local\Programs\MiKTeX\tex/generic/tex4ht\html-mml.4ht
version 2021-04-17-18:22
) (C:\Users\richa\AppData\Local\Programs\MiKTeX\tex/generic/tex4ht\html5.4ht
version 2022-01-23-07:51
)) (C:\Users\richa\AppData\Local\Programs\MiKTeX\tex/generic/tex4ht\geometry.4h
t
version 2016-07-01-08:55
(C:\Users\richa\AppData\Local\Programs\MiKTeX\tex/generic/tex4ht\html4.4ht
version 2022-03-08-13:51
) (C:\Users\richa\AppData\Local\Programs\MiKTeX\tex/generic/tex4ht\unicode.4ht
version 2021-06-19-14:11
) (C:\Users\richa\AppData\Local\Programs\MiKTeX\tex/generic/tex4ht\mathml.4ht
version 2021-11-30-15:01
) (C:\Users\richa\AppData\Local\Programs\MiKTeX\tex/generic/tex4ht\html-mml.4ht
version 2021-04-17-18:22
) (C:\Users\richa\AppData\Local\Programs\MiKTeX\tex/generic/tex4ht\html5.4ht
version 2022-01-23-07:51
)) (C:\Users\richa\AppData\Local\Programs\MiKTeX\tex/generic/tex4ht\fancyvrb.4h
t
version 2021-06-06-09:18
(C:\Users\richa\AppData\Local\Programs\MiKTeX\tex/generic/tex4ht\html4.4ht
version 2022-03-08-13:51
) (C:\Users\richa\AppData\Local\Programs\MiKTeX\tex/generic/tex4ht\unicode.4ht
version 2021-06-19-14:11
) (C:\Users\richa\AppData\Local\Programs\MiKTeX\tex/generic/tex4ht\mathml.4ht
version 2021-11-30-15:01
) (C:\Users\richa\AppData\Local\Programs\MiKTeX\tex/generic/tex4ht\html-mml.4ht
version 2021-04-17-18:22
) (C:\Users\richa\AppData\Local\Programs\MiKTeX\tex/generic/tex4ht\html5.4ht
version 2022-01-23-07:51
)) (C:\Users\richa\AppData\Local\Programs\MiKTeX\tex/generic/tex4ht\framed.4ht
version 2017-04-22-16:03
(C:\Users\richa\AppData\Local\Programs\MiKTeX\tex/generic/tex4ht\html4.4ht
version 2022-03-08-13:51
\framed:cnt=\count311
) (C:\Users\richa\AppData\Local\Programs\MiKTeX\tex/generic/tex4ht\unicode.4ht
version 2021-06-19-14:11
) (C:\Users\richa\AppData\Local\Programs\MiKTeX\tex/generic/tex4ht\mathml.4ht
version 2021-11-30-15:01
) (C:\Users\richa\AppData\Local\Programs\MiKTeX\tex/generic/tex4ht\html-mml.4ht
version 2021-04-17-18:22
) (C:\Users\richa\AppData\Local\Programs\MiKTeX\tex/generic/tex4ht\html5.4ht
version 2022-01-23-07:51
)) (C:\Users\richa\AppData\Local\Programs\MiKTeX\tex/generic/tex4ht\longtable.4
ht
version 2021-09-26-14:15
\LT:box=\box64
\LT:ebox=\box65
(C:\Users\richa\AppData\Local\Programs\MiKTeX\tex/generic/tex4ht\html4.4ht
version 2022-03-08-13:51
--------------------------------------
--- Note --- for pictorial longtable, use the command line option `pic-longtabl
e'
--------------------------------------
) (C:\Users\richa\AppData\Local\Programs\MiKTeX\tex/generic/tex4ht\unicode.4ht
version 2021-06-19-14:11
) (C:\Users\richa\AppData\Local\Programs\MiKTeX\tex/generic/tex4ht\mathml.4ht
version 2021-11-30-15:01
) (C:\Users\richa\AppData\Local\Programs\MiKTeX\tex/generic/tex4ht\html-mml.4ht
version 2021-04-17-18:22
) (C:\Users\richa\AppData\Local\Programs\MiKTeX\tex/generic/tex4ht\html5.4ht
version 2022-01-23-07:51
)) (C:\Users\richa\AppData\Local\Programs\MiKTeX\tex/generic/tex4ht\booktabs.4h
t
version 2009-05-21-09:32
(C:\Users\richa\AppData\Local\Programs\MiKTeX\tex/generic/tex4ht\html4.4ht
version 2022-03-08-13:51
) (C:\Users\richa\AppData\Local\Programs\MiKTeX\tex/generic/tex4ht\unicode.4ht
version 2021-06-19-14:11
) (C:\Users\richa\AppData\Local\Programs\MiKTeX\tex/generic/tex4ht\mathml.4ht
version 2021-11-30-15:01
) (C:\Users\richa\AppData\Local\Programs\MiKTeX\tex/generic/tex4ht\html-mml.4ht
version 2021-04-17-18:22
) (C:\Users\richa\AppData\Local\Programs\MiKTeX\tex/generic/tex4ht\html5.4ht
version 2022-01-23-07:51
)) (C:\Users\richa\AppData\Local\Programs\MiKTeX\tex/generic/tex4ht\array.4ht
version 2009-05-21-09:32
(C:\Users\richa\AppData\Local\Programs\MiKTeX\tex/generic/tex4ht\html4.4ht
version 2022-03-08-13:51
) (C:\Users\richa\AppData\Local\Programs\MiKTeX\tex/generic/tex4ht\unicode.4ht
version 2021-06-19-14:11
) (C:\Users\richa\AppData\Local\Programs\MiKTeX\tex/generic/tex4ht\mathml.4ht
version 2021-11-30-15:01
) (C:\Users\richa\AppData\Local\Programs\MiKTeX\tex/generic/tex4ht\html-mml.4ht
version 2021-04-17-18:22
) (C:\Users\richa\AppData\Local\Programs\MiKTeX\tex/generic/tex4ht\html5.4ht
version 2022-01-23-07:51
)) (C:\Users\richa\AppData\Local\Programs\MiKTeX\tex/generic/tex4ht\graphicx.4h
t
version 2022-01-12-13:53
(C:\Users\richa\AppData\Local\Programs\MiKTeX\tex/generic/tex4ht\html4.4ht
version 2022-03-08-13:51
) (C:\Users\richa\AppData\Local\Programs\MiKTeX\tex/generic/tex4ht\unicode.4ht
version 2021-06-19-14:11
) (C:\Users\richa\AppData\Local\Programs\MiKTeX\tex/generic/tex4ht\mathml.4ht
version 2021-11-30-15:01
) (C:\Users\richa\AppData\Local\Programs\MiKTeX\tex/generic/tex4ht\html-mml.4ht
version 2021-04-17-18:22
) (C:\Users\richa\AppData\Local\Programs\MiKTeX\tex/generic/tex4ht\html5.4ht
version 2022-01-23-07:51
)) (C:\Users\richa\AppData\Local\Programs\MiKTeX\tex/generic/tex4ht\graphics.4h
t
version 2021-08-12-13:49
(C:\Users\richa\AppData\Local\Programs\MiKTeX\tex/generic/tex4ht\html4.4ht
version 2022-03-08-13:51
--------------------------------------
--- Note --- if included graphics are of degraded quality, try the command line
 options `graphics-num' or `graphics-'. The `num' should provide the density of
 pixels in the bitmaps (e.g., 110). 
--------------------------------------
--------------------------------------
--- Note --- for key dimensions try the option `Gin-dim'; for key dimensions wh
en bounding box is unavailable try `Gin-dim+'; neither is recommended
--------------------------------------
) (C:\Users\richa\AppData\Local\Programs\MiKTeX\tex/generic/tex4ht\unicode.4ht
version 2021-06-19-14:11
) (C:\Users\richa\AppData\Local\Programs\MiKTeX\tex/generic/tex4ht\mathml.4ht
version 2021-11-30-15:01
) (C:\Users\richa\AppData\Local\Programs\MiKTeX\tex/generic/tex4ht\html-mml.4ht
version 2021-04-17-18:22
) (C:\Users\richa\AppData\Local\Programs\MiKTeX\tex/generic/tex4ht\html5.4ht
version 2022-01-23-07:51
)) (C:\Users\richa\AppData\Local\Programs\MiKTeX\tex/generic/tex4ht\caption.4ht
version 2021-10-19-14:11
(C:\Users\richa\AppData\Local\Programs\MiKTeX\tex/generic/tex4ht\html4.4ht
version 2022-03-08-13:51
) (C:\Users\richa\AppData\Local\Programs\MiKTeX\tex/generic/tex4ht\unicode.4ht
version 2021-06-19-14:11
) (C:\Users\richa\AppData\Local\Programs\MiKTeX\tex/generic/tex4ht\mathml.4ht
version 2021-11-30-15:01
) (C:\Users\richa\AppData\Local\Programs\MiKTeX\tex/generic/tex4ht\html-mml.4ht
version 2021-04-17-18:22
) (C:\Users\richa\AppData\Local\Programs\MiKTeX\tex/generic/tex4ht\html5.4ht
version 2022-01-23-07:51
)) (C:\Users\richa\AppData\Local\Programs\MiKTeX\tex/generic/tex4ht\natbib.4ht
version 2021-06-27-08:11
(C:\Users\richa\AppData\Local\Programs\MiKTeX\tex/generic/tex4ht\html4.4ht
version 2022-03-08-13:51
) (C:\Users\richa\AppData\Local\Programs\MiKTeX\tex/generic/tex4ht\unicode.4ht
version 2021-06-19-14:11
) (C:\Users\richa\AppData\Local\Programs\MiKTeX\tex/generic/tex4ht\mathml.4ht
version 2021-11-30-15:01
) (C:\Users\richa\AppData\Local\Programs\MiKTeX\tex/generic/tex4ht\html-mml.4ht
version 2021-04-17-18:22
) (C:\Users\richa\AppData\Local\Programs\MiKTeX\tex/generic/tex4ht\html5.4ht
version 2022-01-23-07:51
)) (C:\Users\richa\AppData\Local\Programs\MiKTeX\tex/generic/tex4ht\hyperref.4h
t
version 2021-05-16-13:57
LaTeX Info: Redefining \autoref on input line 88.
\Hy@SectionHShift=\skip72
(C:\Users\richa\AppData\Local\Programs\MiKTeX\tex/generic/tex4ht\html4.4ht
version 2022-03-08-13:51
) (C:\Users\richa\AppData\Local\Programs\MiKTeX\tex/generic/tex4ht\unicode.4ht
version 2021-06-19-14:11
) (C:\Users\richa\AppData\Local\Programs\MiKTeX\tex/generic/tex4ht\mathml.4ht
version 2021-11-30-15:01
) (C:\Users\richa\AppData\Local\Programs\MiKTeX\tex/generic/tex4ht\html-mml.4ht
version 2021-04-17-18:22
) (C:\Users\richa\AppData\Local\Programs\MiKTeX\tex/generic/tex4ht\html5.4ht
version 2022-01-23-07:51
)) (C:\Users\richa\AppData\Local\Programs\MiKTeX\tex/generic/tex4ht\nameref.4ht
version 2021-02-03-14:57
(C:\Users\richa\AppData\Local\Programs\MiKTeX\tex/generic/tex4ht\html4.4ht
version 2022-03-08-13:51
) (C:\Users\richa\AppData\Local\Programs\MiKTeX\tex/generic/tex4ht\unicode.4ht
version 2021-06-19-14:11
) (C:\Users\richa\AppData\Local\Programs\MiKTeX\tex/generic/tex4ht\mathml.4ht
version 2021-11-30-15:01
) (C:\Users\richa\AppData\Local\Programs\MiKTeX\tex/generic/tex4ht\html-mml.4ht
version 2021-04-17-18:22
) (C:\Users\richa\AppData\Local\Programs\MiKTeX\tex/generic/tex4ht\html5.4ht
version 2022-01-23-07:51
)) (C:\Users\richa\AppData\Local\Programs\MiKTeX\tex/generic/tex4ht\pd1enc.4ht
version 2009-05-21-09:32
(C:\Users\richa\AppData\Local\Programs\MiKTeX\tex/generic/tex4ht\html4.4ht
version 2022-03-08-13:51
) (C:\Users\richa\AppData\Local\Programs\MiKTeX\tex/generic/tex4ht\unicode.4ht
version 2021-06-19-14:11
) (C:\Users\richa\AppData\Local\Programs\MiKTeX\tex/generic/tex4ht\mathml.4ht
version 2021-11-30-15:01
) (C:\Users\richa\AppData\Local\Programs\MiKTeX\tex/generic/tex4ht\html-mml.4ht
version 2021-04-17-18:22
) (C:\Users\richa\AppData\Local\Programs\MiKTeX\tex/generic/tex4ht\html5.4ht
version 2022-01-23-07:51
)) (C:\Users\richa\AppData\Local\Programs\MiKTeX\tex/generic/tex4ht\url.4ht
version 2022-01-02-14:32
(C:\Users\richa\AppData\Local\Programs\MiKTeX\tex/generic/tex4ht\html4.4ht
version 2022-03-08-13:51
--------------------------------------
--- Note --- for URL encoding within href use the command line option `url-enc'

--------------------------------------
) (C:\Users\richa\AppData\Local\Programs\MiKTeX\tex/generic/tex4ht\unicode.4ht
version 2021-06-19-14:11
) (C:\Users\richa\AppData\Local\Programs\MiKTeX\tex/generic/tex4ht\mathml.4ht
version 2021-11-30-15:01
) (C:\Users\richa\AppData\Local\Programs\MiKTeX\tex/generic/tex4ht\html-mml.4ht
version 2021-04-17-18:22
) (C:\Users\richa\AppData\Local\Programs\MiKTeX\tex/generic/tex4ht\html5.4ht
version 2022-01-23-07:51
)) (C:\Users\richa\AppData\Local\Programs\MiKTeX\tex/generic/tex4ht\html4.4ht
version 2022-03-08-13:51
) (C:\Users\richa\AppData\Local\Programs\MiKTeX\tex/generic/tex4ht\unicode.4ht
version 2021-06-19-14:11
) (C:\Users\richa\AppData\Local\Programs\MiKTeX\tex/generic/tex4ht\mathml.4ht
version 2021-11-30-15:01
) (C:\Users\richa\AppData\Local\Programs\MiKTeX\tex/generic/tex4ht\html-mml.4ht
version 2021-04-17-18:22
) (C:\Users\richa\AppData\Local\Programs\MiKTeX\tex/generic/tex4ht\html5.4ht
version 2022-01-23-07:51
))
(C:\Users\richa\AppData\Local\Programs\MiKTeX\tex/latex/l3backend\l3backend-dvi
ps.def
File: l3backend-dvips.def 2023-04-19 L3 backend support: dvips
\l__pdf_internal_box=\box66
\g__pdf_backend_object_int=\count312
\l__pdf_backend_content_box=\box67
\l__pdf_backend_model_box=\box68
\g__pdf_backend_annotation_int=\count313
\g__pdf_backend_link_int=\count314
\g__pdf_backend_link_sf_int=\count315
) (Weeks1to4.aux)
\openout1 = `Weeks1to4.aux'.

LaTeX Font Info:    Checking defaults for OML/cmm/m/it on input line 126.
LaTeX Font Info:    ... okay on input line 126.
LaTeX Font Info:    Checking defaults for OMS/cmsy/m/n on input line 126.
LaTeX Font Info:    ... okay on input line 126.
LaTeX Font Info:    Checking defaults for OT1/cmr/m/n on input line 126.
LaTeX Font Info:    ... okay on input line 126.
LaTeX Font Info:    Checking defaults for T1/cmr/m/n on input line 126.
LaTeX Font Info:    ... okay on input line 126.
LaTeX Font Info:    Checking defaults for TS1/cmr/m/n on input line 126.
LaTeX Font Info:    ... okay on input line 126.
LaTeX Font Info:    Checking defaults for OMX/cmex/m/n on input line 126.
LaTeX Font Info:    ... okay on input line 126.
LaTeX Font Info:    Checking defaults for U/cmr/m/n on input line 126.
LaTeX Font Info:    ... okay on input line 126.
LaTeX Font Info:    Checking defaults for PD1/pdf/m/n on input line 126.
LaTeX Font Info:    ... okay on input line 126.
LaTeX Font Info:    Checking defaults for PU/pdf/m/n on input line 126.
LaTeX Font Info:    ... okay on input line 126.
LaTeX Info: Redefining \microtypecontext on input line 126.
Package microtype Info: Not applying patch `item' (for tex4ht) on input line 12
6.
Package microtype Info: Not applying patch `toc' (for tex4ht) on input line 126
.
Package microtype Info: Not applying patch `eqnum' (for tex4ht) on input line 1
26.
Package microtype Info: Not applying patch `footnote' (for tex4ht) on input lin
e 126.
Package microtype Info: Not applying patch `verbatim' (for tex4ht) on input lin
e 126.
Package microtype Info: Generating DVI output.
Package microtype Info: No character protrusion.
Package microtype Info: No font expansion.
Package microtype Info: No adjustment of tracking.
Package microtype Info: No adjustment of interword spacing.
Package microtype Info: No adjustment of character kerning.

LaTeX Warning: First page is already shipped out, ignoring
               \AtBeginDvi on input line 126.

*geometry* driver: auto-detecting
*geometry* detected driver: dvips

LaTeX Warning: First page is already shipped out, ignoring
               \AtBeginDvi on input line 126.

*geometry* verbose mode - [ preamble ] result:
* driver: dvips
* paper: <default>
* layout: <same size as paper>
* layoutoffset:(h,v)=(0.0pt,0.0pt)
* modes: 
* h-part:(L,W,R)=(72.26999pt, 469.75502pt, 72.26999pt)
* v-part:(T,H,B)=(72.26999pt, 650.43001pt, 72.26999pt)
* \paperwidth=614.295pt
* \paperheight=794.96999pt
* \textwidth=469.75502pt
* \textheight=650.43001pt
* \oddsidemargin=0.0pt
* \evensidemargin=0.0pt
* \topmargin=-37.0pt
* \headheight=12.0pt
* \headsep=25.0pt
* \topskip=10.0pt
* \footskip=30.0pt
* \marginparwidth=65.0pt
* \marginparsep=11.0pt
* \columnsep=10.0pt
* \skip\footins=9.0pt plus 4.0pt minus 2.0pt
* \hoffset=0.0pt
* \voffset=0.0pt
* \mag=1000
* \@twocolumnfalse
* \@twosidefalse
* \@mparswitchfalse
* \@reversemarginfalse
* (1in=72.27pt=25.4mm, 1cm=28.453pt)

Package caption Info: Begin \AtBeginDocument code.
Package caption Info: subfig package v1.3 is loaded.
Package caption Info: End \AtBeginDocument code.
Package hyperref Info: Link coloring OFF on input line 126.
--- file Weeks1to4.css ---
[1] [2]
LaTeX Font Info:    External font `lmex10' loaded for size
(Font)              <12> on input line 127.
LaTeX Font Info:    External font `lmex10' loaded for size
(Font)              <8> on input line 127.
LaTeX Font Info:    External font `lmex10' loaded for size
(Font)              <6> on input line 127.
LaTeX Font Info:    Trying to load font information for T1+lmtt on input line 1
31.
(C:\Users\richa\AppData\Local\Programs\MiKTeX\tex/latex/lm\t1lmtt.fd
File: t1lmtt.fd 2015/05/01 v1.6.1 Font defs for Latin Modern
) (Weeks1to4.4ct [3] [4] [5]) [6]
LaTeX Font Info:    Trying to load font information for TS1+lmr on input line 1
43.
(C:\Users\richa\AppData\Local\Programs\MiKTeX\tex/latex/lm\ts1lmr.fd
File: ts1lmr.fd 2015/05/01 v1.6.1 Font defs for Latin Modern
) [7]
l.184 --- TeX4ht warning --- File `"stat1new.xbb"' not found ---
l.184 --- TeX4ht warning --- Cannot determine size of graphic in "stat1new.xbb"
 (no BoundingBox) ---
l. 184 --- needs --- stat1new.jpg ---
[8] [9] [10] [11] [12] [13]
l.390 --- TeX4ht warning --- File `"skewed.xbb"' not found ---
l.390 --- TeX4ht warning --- Cannot determine size of graphic in "skewed.xbb" (
no BoundingBox) ---
l. 390 --- needs --- skewed.png ---
l.399 --- TeX4ht warning --- File `"kurtosis1.xbb"' not found ---
l.399 --- TeX4ht warning --- Cannot determine size of graphic in "kurtosis1.xbb
" (no BoundingBox) ---
l. 399 --- needs --- kurtosis1.png ---
l.404 --- TeX4ht warning --- File `"modality.xbb"' not found ---
l.404 --- TeX4ht warning --- Cannot determine size of graphic in "modality.xbb"
 (no BoundingBox) ---
l. 404 --- needs --- modality.png ---
l.409 --- TeX4ht warning --- File `"symmetry.xbb"' not found ---
l.409 --- TeX4ht warning --- Cannot determine size of graphic in "symmetry.xbb"
 (no BoundingBox) ---
l. 409 --- needs --- symmetry.png ---
[14]
l.419 --- TeX4ht warning --- File `"bell.xbb"' not found ---
l.419 --- TeX4ht warning --- Cannot determine size of graphic in "bell.xbb" (no
 BoundingBox) ---
l. 419 --- needs --- bell.png ---
[15]
l.452 --- TeX4ht warning --- File `"qunatiles.xbb"' not found ---
l.452 --- TeX4ht warning --- Cannot determine size of graphic in "qunatiles.xbb
" (no BoundingBox) ---
l. 452 --- needs --- qunatiles.png ---
[16]
l.468 --- TeX4ht warning --- File `"toyexample.xbb"' not found ---
l.468 --- TeX4ht warning --- Cannot determine size of graphic in "toyexample.xb
b" (no BoundingBox) ---
l. 468 --- needs --- toyexample.png ---
l.474 --- TeX4ht warning --- File `"QQ.xbb"' not found ---
l.474 --- TeX4ht warning --- Cannot determine size of graphic in "QQ.xbb" (no B
oundingBox) ---
l. 474 --- needs --- QQ.png ---
[17]
l.506 --- TeX4ht warning --- File `"boxplot3.xbb"' not found ---
l.506 --- TeX4ht warning --- Cannot determine size of graphic in "boxplot3.xbb"
 (no BoundingBox) ---
l. 506 --- needs --- boxplot3.png ---
l.529 --- TeX4ht warning --- File `"outliers.xbb"' not found ---
l.529 --- TeX4ht warning --- Cannot determine size of graphic in "outliers.xbb"
 (no BoundingBox) ---
l. 529 --- needs --- outliers.png ---
[18] [19]
l.587 --- TeX4ht warning --- File `"Exempirical.xbb"' not found ---
l.587 --- TeX4ht warning --- Cannot determine size of graphic in "Exempirical.x
bb" (no BoundingBox) ---
l. 587 --- needs --- Exempirical.png ---

Overfull \hbox (460.82245pt too wide) in paragraph at lines 590--598
[][][][][][][][][][]  
 []

[20] [21] [22] [23] [24] [25] [26] [27] [28] [29]
l.724 --- TeX4ht warning --- File `"unnamed-chunk-24-1.xbb"' not found ---
l.724 --- TeX4ht warning --- Cannot determine size of graphic in "unnamed-chunk
-24-1.xbb" (no BoundingBox) ---
l. 724 --- needs --- unnamed-chunk-24-1-.png ---
l.733 --- TeX4ht warning --- File `"unnamed-chunk-24-2.xbb"' not found ---
l.733 --- TeX4ht warning --- Cannot determine size of graphic in "unnamed-chunk
-24-2.xbb" (no BoundingBox) ---
l. 733 --- needs --- unnamed-chunk-24-2-.png ---
[30]
Overfull \hbox (177.36491pt too wide) in paragraph at lines 767--770
[][][][][]  
 []

l.773 --- TeX4ht warning --- File `"unnamed-chunk-26-1.xbb"' not found ---
l.773 --- TeX4ht warning --- Cannot determine size of graphic in "unnamed-chunk
-26-1.xbb" (no BoundingBox) ---
l. 773 --- needs --- unnamed-chunk-26-1-.png ---
[31]
l.797 --- TeX4ht warning --- File `"unnamed-chunk-27-1.xbb"' not found ---
l.797 --- TeX4ht warning --- Cannot determine size of graphic in "unnamed-chunk
-27-1.xbb" (no BoundingBox) ---
l. 797 --- needs --- unnamed-chunk-27-1-.png ---
l.805 --- TeX4ht warning --- File `"unnamed-chunk-27-2.xbb"' not found ---
l.805 --- TeX4ht warning --- Cannot determine size of graphic in "unnamed-chunk
-27-2.xbb" (no BoundingBox) ---
l. 805 --- needs --- unnamed-chunk-27-2-.png ---
[32] [33] [34] [35] [36] [37]
l.914 --- TeX4ht warning --- File `"uniform.xbb"' not found ---
l.914 --- TeX4ht warning --- Cannot determine size of graphic in "uniform.xbb" 
(no BoundingBox) ---
l. 914 --- needs --- uniform.png ---
[38]
l.944 --- TeX4ht warning --- File `"expdist.xbb"' not found ---
l.944 --- TeX4ht warning --- Cannot determine size of graphic in "expdist.xbb" 
(no BoundingBox) ---
l. 944 --- needs --- expdist.png ---
[39] [40]
l.974 --- TeX4ht warning --- File `"normdist1.xbb"' not found ---
l.974 --- TeX4ht warning --- Cannot determine size of graphic in "normdist1.xbb
" (no BoundingBox) ---
l. 974 --- needs --- normdist1.png ---
[41]
l.999 --- TeX4ht warning --- File `"snormdist2.xbb"' not found ---
l.999 --- TeX4ht warning --- Cannot determine size of graphic in "snormdist2.xb
b" (no BoundingBox) ---
l. 999 --- needs --- snormdist2.png ---
l.1009 --- TeX4ht warning --- File `"lognorm.xbb"' not found ---
l.1009 --- TeX4ht warning --- Cannot determine size of graphic in "lognorm.xbb"
 (no BoundingBox) ---
l. 1009 --- needs --- lognorm.png ---
[42]
l.1048 --- TeX4ht warning --- File `"chidist.xbb"' not found ---
l.1048 --- TeX4ht warning --- Cannot determine size of graphic in "chidist.xbb"
 (no BoundingBox) ---
l. 1048 --- needs --- chidist.png ---
[43]
l.1058 --- TeX4ht warning --- File `"tdist.xbb"' not found ---
l.1058 --- TeX4ht warning --- Cannot determine size of graphic in "tdist.xbb" (
no BoundingBox) ---
l. 1058 --- needs --- tdist.png ---
l.1069 --- TeX4ht warning --- File `"fdist.xbb"' not found ---
l.1069 --- TeX4ht warning --- Cannot determine size of graphic in "fdist.xbb" (
no BoundingBox) ---
l. 1069 --- needs --- fdist.png ---
[44] [45]
l.1107 --- TeX4ht warning --- File `"joint1.xbb"' not found ---
l.1107 --- TeX4ht warning --- Cannot determine size of graphic in "joint1.xbb" 
(no BoundingBox) ---
l. 1107 --- needs --- joint1.png ---
[46] [47] [48] [49] [50] [51] [52] [53] [54] [55] [56] [57]
l.1313 --- TeX4ht warning --- File `"stat4.xbb"' not found ---
l.1313 --- TeX4ht warning --- Cannot determine size of graphic in "stat4.xbb" (
no BoundingBox) ---
l. 1313 --- needs --- stat4.png ---
[58] [59] [60] [61] [62] [63]
l.1397 --- TeX4ht warning --- File `"ex.sampling.xbb"' not found ---
l.1397 --- TeX4ht warning --- Cannot determine size of graphic in "ex.sampling.
xbb" (no BoundingBox) ---
l. 1397 --- needs --- ex.sampling.png ---
[64] [65]
l.1442 --- TeX4ht warning --- File `"stat1new.xbb"' not found ---
l.1442 --- TeX4ht warning --- Cannot determine size of graphic in "stat1new.xbb
" (no BoundingBox) ---
l. 1442 --- needs --- stat1new.jpg ---
[66] [67] [68]
l.1528 --- TeX4ht warning --- File `"estimationmean.xbb"' not found ---
l.1528 --- TeX4ht warning --- Cannot determine size of graphic in "estimationme
an.xbb" (no BoundingBox) ---
l. 1528 --- needs --- estimationmean.png ---
l.1530 --- TeX4ht warning --- File `"snormdist2.xbb"' not found ---
l.1530 --- TeX4ht warning --- Cannot determine size of graphic in "snormdist2.x
bb" (no BoundingBox) ---
l. 1530 --- needs --- snormdist2.png ---
[69] [70] [71]
l.1587 --- TeX4ht warning --- File `"chidist1.xbb"' not found ---
l.1587 --- TeX4ht warning --- Cannot determine size of graphic in "chidist1.xbb
" (no BoundingBox) ---
l. 1587 --- needs --- chidist1.png ---
[72] [73] [74] [75] [76]
l.1703 --- TeX4ht warning --- File `"hypotab1.xbb"' not found ---
l.1703 --- TeX4ht warning --- Cannot determine size of graphic in "hypotab1.xbb
" (no BoundingBox) ---
l. 1703 --- needs --- hypotab1.png ---
[77] [78] [79]
l.1799 --- TeX4ht warning --- File `"hypoztest.xbb"' not found ---
l.1799 --- TeX4ht warning --- Cannot determine size of graphic in "hypoztest.xb
b" (no BoundingBox) ---
l. 1799 --- needs --- hypoztest.png ---
l.1818 --- TeX4ht warning --- File `"hypottest.xbb"' not found ---
l.1818 --- TeX4ht warning --- Cannot determine size of graphic in "hypottest.xb
b" (no BoundingBox) ---
l. 1818 --- needs --- hypottest.png ---
[80] [81] [82]
l.1912 --- TeX4ht warning --- File `"hypoex.xbb"' not found ---
l.1912 --- TeX4ht warning --- Cannot determine size of graphic in "hypoex.xbb" 
(no BoundingBox) ---
l. 1912 --- needs --- hypoex.png ---

Overfull \hbox (212.33705pt too wide) in paragraph at lines 1917--1925
[][][][][][][][][][]  
 []

[83] [84] [85] [86]
l.1988 --- TeX4ht warning --- File `"unnamed-chunk-53-1.xbb"' not found ---
l.1988 --- TeX4ht warning --- Cannot determine size of graphic in "unnamed-chun
k-53-1.xbb" (no BoundingBox) ---
l. 1988 --- needs --- unnamed-chunk-53-1-.png ---
[87] [88] [89] [90] [91] [92] [93]
l.2157 --- TeX4ht warning --- File `"Ftest.xbb"' not found ---
l.2157 --- TeX4ht warning --- Cannot determine size of graphic in "Ftest.xbb" (
no BoundingBox) ---
l. 2157 --- needs --- Ftest.png ---
[94]
l.2186 --- TeX4ht warning --- File `"hytestz1.xbb"' not found ---
l.2186 --- TeX4ht warning --- Cannot determine size of graphic in "hytestz1.xbb
" (no BoundingBox) ---
l. 2186 --- needs --- hytestz1.png ---
[95]
l.2206 --- TeX4ht warning --- File `"hytestt.xbb"' not found ---
l.2206 --- TeX4ht warning --- Cannot determine size of graphic in "hytestt.xbb"
 (no BoundingBox) ---
l. 2206 --- needs --- hytestt.png ---
[96] [97]
l.2257 --- TeX4ht warning --- File `"Ttest2.xbb"' not found ---
l.2257 --- TeX4ht warning --- Cannot determine size of graphic in "Ttest2.xbb" 
(no BoundingBox) ---
l. 2257 --- needs --- Ttest2.png ---
[98] [99]
LaTeX Font Info:    Trying to load font information for TS1+lmtt on input line 
2294.
(C:\Users\richa\AppData\Local\Programs\MiKTeX\tex/latex/lm\ts1lmtt.fd
File: ts1lmtt.fd 2015/05/01 v1.6.1 Font defs for Latin Modern
)
l.2298 --- TeX4ht warning --- File `"unnamed-chunk-59-1.xbb"' not found ---
l.2298 --- TeX4ht warning --- Cannot determine size of graphic in "unnamed-chun
k-59-1.xbb" (no BoundingBox) ---
l. 2298 --- needs --- unnamed-chunk-59-1-.png ---
l.2307 --- TeX4ht warning --- File `"unnamed-chunk-59-2.xbb"' not found ---
l.2307 --- TeX4ht warning --- Cannot determine size of graphic in "unnamed-chun
k-59-2.xbb" (no BoundingBox) ---
l. 2307 --- needs --- unnamed-chunk-59-2-.png ---
[100] [101] [102] [103] [104] [105] [106] [107] [108] [109]
\BKM@file=\write6
\openout6 = `Weeks1to4.out.ps'.

[110] (Weeks1to4.aux)
 ***********
LaTeX2e <2023-06-01> patch level 1
L3 programming layer <2023-06-30>
 ***********

LaTeX Warning: Label(s) may have changed. Rerun to get cross-references right.

 ) 
Here is how much of TeX's memory you used:
 22083 strings out of 475552
 352494 string characters out of 5762579
 1937235 words of memory out of 5000000
 42638 multiletter control sequences out of 15000+600000
 619714 words of font info for 88 fonts, out of 8000000 for 9000
 1141 hyphenation exceptions out of 8191
 86i,14n,113p,1034b,932s stack positions out of 10000i,1000n,20000p,200000b,200000s

Output written on Weeks1to4.dvi (367 pages, 657332 bytes).
